#
# There is insufficient memory for the Java Runtime Environment to continue.
# Native memory allocation (malloc) failed to allocate 161136 bytes for Chunk::new
# Possible reasons:
#   The system is out of physical RAM or swap space
#   The process is running with CompressedOops enabled, and the Java Heap may be blocking the growth of the native heap
# Possible solutions:
#   Reduce memory load on the system
#   Increase physical memory or swap space
#   Check if swap backing store is full
#   Decrease Java heap size (-Xmx/-Xms)
#   Decrease number of Java threads
#   Decrease Java thread stack sizes (-Xss)
#   Set larger code cache with -XX:ReservedCodeCacheSize=
#   JVM is running with Unscaled Compressed Oops mode in which the Java heap is
#     placed in the first 4GB address space. The Java Heap base address is the
#     maximum limit for the native heap growth. Please use -XX:HeapBaseMinAddress
#     to set the Java Heap base and to place the Java Heap above 4GB virtual address.
# This output file may be truncated or incomplete.
#
#  Out of Memory Error (./src/hotspot/share/memory/arena.cpp:197), pid=121868, tid=123712
#
# JRE version: OpenJDK Runtime Environment (11.0.12+7) (build 11.0.12+7-b1504.28-7817840)
# Java VM: OpenJDK 64-Bit Server VM (11.0.12+7-b1504.28-7817840, mixed mode, tiered, compressed oops, g1 gc, windows-amd64)
# No core dump will be written. Minidumps are not enabled by default on client versions of Windows
#

---------------  S U M M A R Y ------------

Command Line: --add-opens=java.base/java.util=ALL-UNNAMED --add-opens=java.base/java.lang=ALL-UNNAMED --add-opens=java.base/java.lang.invoke=ALL-UNNAMED --add-opens=java.base/java.util=ALL-UNNAMED --add-opens=java.prefs/java.util.prefs=ALL-UNNAMED --add-opens=java.prefs/java.util.prefs=ALL-UNNAMED --add-opens=java.base/java.nio.charset=ALL-UNNAMED --add-opens=java.base/java.net=ALL-UNNAMED --add-opens=java.base/java.util.concurrent.atomic=ALL-UNNAMED -Xmx2048m -Dfile.encoding=UTF-8 -Duser.country=IN -Duser.language=en -Duser.variant org.gradle.launcher.daemon.bootstrap.GradleDaemon 7.3.3

Host: 11th Gen Intel(R) Core(TM) i5-1135G7 @ 2.40GHz, 8 cores, 7G,  Windows 10 , 64 bit Build 22000 (10.0.22000.708)
Time: Thu Jun  9 13:14:40 2022 Bougainville Standard Time elapsed time: 4826.859079 seconds (0d 1h 20m 26s)

---------------  T H R E A D  ---------------

Current thread (0x000002a8fe73e000):  JavaThread "C2 CompilerThread0" daemon [_thread_in_native, id=123712, stack(0x000000b4e1a00000,0x000000b4e1b00000)]


Current CompileTask:
C2:4826859 20474   !   4       com.google.common.collect.MapMakerInternalMap$Segment::put (298 bytes)

Stack: [0x000000b4e1a00000,0x000000b4e1b00000]
Native frames: (J=compiled Java code, j=interpreted, Vv=VM code, C=native code)
V  [jvm.dll+0x5fbcea]
V  [jvm.dll+0x731905]
V  [jvm.dll+0x732f1d]
V  [jvm.dll+0x7335d3]
V  [jvm.dll+0x247bf8]
V  [jvm.dll+0xc018c]
V  [jvm.dll+0xc06cc]
V  [jvm.dll+0x35b31d]
V  [jvm.dll+0x19cd27]
V  [jvm.dll+0x20070e]
V  [jvm.dll+0x1ff794]
V  [jvm.dll+0x18868c]
V  [jvm.dll+0x20e0d7]
V  [jvm.dll+0x20c901]
V  [jvm.dll+0x6f9b7f]
V  [jvm.dll+0x6f26a5]
V  [jvm.dll+0x5fabf6]
C  [ucrtbase.dll+0x26c0c]
C  [KERNEL32.DLL+0x154e0]
C  [ntdll.dll+0x485b]


---------------  P R O C E S S  ---------------

Threads class SMR info:
_java_thread_list=0x000002a8894d9180, length=137, elements={
0x000002a8e3934000, 0x000002a8fddbc000, 0x000002a8fddc7000, 0x000002a8fe734800,
0x000002a8fe737800, 0x000002a8fe738800, 0x000002a8fe73e000, 0x000002a8fe740800,
0x000002a8fddde800, 0x000002a8fe8a1800, 0x000002a880eb5000, 0x000002a880dbb000,
0x000002a880981800, 0x000002a880dc4000, 0x000002a880dc1000, 0x000002a880dc0000,
0x000002a880dc5000, 0x000002a880dc6000, 0x000002a882a0a800, 0x000002a882a09800,
0x000002a882a0d800, 0x000002a882a11000, 0x000002a882a0c000, 0x000002a883458800,
0x000002a883459800, 0x000002a88345d800, 0x000002a88345b000, 0x000002a88345c000,
0x000002a881273800, 0x000002a88127e000, 0x000002a887056000, 0x000002a887055000,
0x000002a887059000, 0x000002a88705a000, 0x000002a88705c800, 0x000002a88705b800,
0x000002a88705a800, 0x000002a887056800, 0x000002a88705d000, 0x000002a887057800,
0x000002a88705e000, 0x000002a887058000, 0x000002a887901800, 0x000002a887904000,
0x000002a887908000, 0x000002a887902000, 0x000002a887903000, 0x000002a887905800,
0x000002a887906800, 0x000002a887907000, 0x000002a887908800, 0x000002a887909800,
0x000002a88790a800, 0x000002a887904800, 0x000002a88790e800, 0x000002a88790c000,
0x000002a88790b000, 0x000002a88790d000, 0x000002a88790f000, 0x000002a887910000,
0x000002a881272800, 0x000002a881272000, 0x000002a881277800, 0x000002a881276000,
0x000002a881278800, 0x000002a881279000, 0x000002a88127a000, 0x000002a881276800,
0x000002a881274000, 0x000002a88127b000, 0x000002a881275000, 0x000002a88127c800,
0x000002a88127f000, 0x000002a88127f800, 0x000002a881280800, 0x000002a88127b800,
0x000002a88127d000, 0x000002a883450800, 0x000002a88344f800, 0x000002a883452000,
0x000002a883451000, 0x000002a883453000, 0x000002a883453800, 0x000002a88344e800,
0x000002a88345a000, 0x000002a883457000, 0x000002a883454800, 0x000002a883455000,
0x000002a883457800, 0x000002a883456000, 0x000002a88345c800, 0x000002a882a0c800,
0x000002a882a0f000, 0x000002a882a0b000, 0x000002a882a12800, 0x000002a882a16800,
0x000002a882a13000, 0x000002a882a14000, 0x000002a882a15000, 0x000002a882a15800,
0x000002a882a17800, 0x000002a882a11800, 0x000002a882a18000, 0x000002a887063800,
0x000002a88705f800, 0x000002a88705e800, 0x000002a887060800, 0x000002a887061000,
0x000002a887062000, 0x000002a887063000, 0x000002a880dc1800, 0x000002a880dc3800,
0x000002a880dc2800, 0x000002a880dc6800, 0x000002a8ff042000, 0x000002a8ff048800,
0x000002a8ff047800, 0x000002a8ff045000, 0x000002a8ff042800, 0x000002a8ff049000,
0x000002a8ff043800, 0x000002a8ff04a000, 0x000002a8ff044000, 0x000002a8ff04a800,
0x000002a8ff04b800, 0x000002a8ff046000, 0x000002a8ff04c800, 0x000002a8ff046800,
0x000002a8ff04d000, 0x000002a8ff04e000, 0x000002a8ff04f000, 0x000002a8ff04f800,
0x000002a8ff050800, 0x000002a88483c000, 0x000002a884838800, 0x000002a88483d800,
0x000002a884838000
}

Java Threads: ( => current thread )
  0x000002a8e3934000 JavaThread "main" [_thread_blocked, id=132584, stack(0x000000b4e0e00000,0x000000b4e0f00000)]
  0x000002a8fddbc000 JavaThread "Reference Handler" daemon [_thread_blocked, id=131824, stack(0x000000b4e1500000,0x000000b4e1600000)]
  0x000002a8fddc7000 JavaThread "Finalizer" daemon [_thread_blocked, id=130684, stack(0x000000b4e1600000,0x000000b4e1700000)]
  0x000002a8fe734800 JavaThread "Signal Dispatcher" daemon [_thread_blocked, id=108060, stack(0x000000b4e1700000,0x000000b4e1800000)]
  0x000002a8fe737800 JavaThread "Attach Listener" daemon [_thread_blocked, id=116536, stack(0x000000b4e1800000,0x000000b4e1900000)]
  0x000002a8fe738800 JavaThread "Service Thread" daemon [_thread_blocked, id=118688, stack(0x000000b4e1900000,0x000000b4e1a00000)]
=>0x000002a8fe73e000 JavaThread "C2 CompilerThread0" daemon [_thread_in_native, id=123712, stack(0x000000b4e1a00000,0x000000b4e1b00000)]
  0x000002a8fe740800 JavaThread "C1 CompilerThread0" daemon [_thread_blocked, id=132344, stack(0x000000b4e1b00000,0x000000b4e1c00000)]
  0x000002a8fddde800 JavaThread "Sweeper thread" daemon [_thread_blocked, id=126524, stack(0x000000b4e1c00000,0x000000b4e1d00000)]
  0x000002a8fe8a1800 JavaThread "Common-Cleaner" daemon [_thread_blocked, id=117008, stack(0x000000b4e1d00000,0x000000b4e1e00000)]
  0x000002a880eb5000 JavaThread "Daemon health stats" [_thread_blocked, id=127132, stack(0x000000b4e2100000,0x000000b4e2200000)]
  0x000002a880dbb000 JavaThread "Incoming local TCP Connector on port 55239" [_thread_in_native, id=64108, stack(0x000000b4e2200000,0x000000b4e2300000)]
  0x000002a880981800 JavaThread "Daemon periodic checks" [_thread_blocked, id=121464, stack(0x000000b4e2300000,0x000000b4e2400000)]
  0x000002a880dc4000 JavaThread "Cache worker for journal cache (C:\Users\rohan\.gradle\caches\journal-1)" [_thread_blocked, id=132960, stack(0x000000b4e3000000,0x000000b4e3100000)]
  0x000002a880dc1000 JavaThread "File lock request listener" [_thread_in_native, id=104772, stack(0x000000b4e3100000,0x000000b4e3200000)]
  0x000002a880dc0000 JavaThread "Cache worker for file hash cache (C:\Users\rohan\.gradle\caches\7.3.3\fileHashes)" [_thread_blocked, id=128084, stack(0x000000b4e3200000,0x000000b4e3300000)]
  0x000002a880dc5000 JavaThread "File watcher server" daemon [_thread_in_native, id=66188, stack(0x000000b4e3500000,0x000000b4e3600000)]
  0x000002a880dc6000 JavaThread "File watcher consumer" daemon [_thread_blocked, id=129840, stack(0x000000b4e3600000,0x000000b4e3700000)]
  0x000002a882a0a800 JavaThread "Cache worker for execution history cache (C:\Users\rohan\.gradle\caches\7.3.3\executionHistory)" [_thread_blocked, id=127856, stack(0x000000b4e3a00000,0x000000b4e3b00000)]
  0x000002a882a09800 JavaThread "jar transforms" [_thread_blocked, id=130912, stack(0x000000b4e3b00000,0x000000b4e3c00000)]
  0x000002a882a0d800 JavaThread "Cache worker for file content cache (C:\Users\rohan\.gradle\caches\7.3.3\fileContent)" [_thread_blocked, id=101260, stack(0x000000b4e3c00000,0x000000b4e3d00000)]
  0x000002a882a11000 JavaThread "jar transforms Thread 2" [_thread_blocked, id=131532, stack(0x000000b4e3d00000,0x000000b4e3e00000)]
  0x000002a882a0c000 JavaThread "jar transforms Thread 3" [_thread_blocked, id=91180, stack(0x000000b4e3f00000,0x000000b4e4000000)]
  0x000002a883458800 JavaThread "jar transforms Thread 4" [_thread_blocked, id=117576, stack(0x000000b4e9100000,0x000000b4e9200000)]
  0x000002a883459800 JavaThread "jar transforms Thread 5" [_thread_blocked, id=132916, stack(0x000000b4e9200000,0x000000b4e9300000)]
  0x000002a88345d800 JavaThread "jar transforms Thread 6" [_thread_blocked, id=126340, stack(0x000000b4e9300000,0x000000b4e9400000)]
  0x000002a88345b000 JavaThread "jar transforms Thread 7" [_thread_blocked, id=18804, stack(0x000000b4e9400000,0x000000b4e9500000)]
  0x000002a88345c000 JavaThread "jar transforms Thread 8" [_thread_blocked, id=128776, stack(0x000000b4e9500000,0x000000b4e9600000)]
  0x000002a881273800 JavaThread "Memory manager" [_thread_blocked, id=91348, stack(0x000000b4e9600000,0x000000b4e9700000)]
  0x000002a88127e000 JavaThread "Cache worker for Java compile cache (C:\Users\rohan\.gradle\caches\7.3.3\javaCompile)" [_thread_blocked, id=127768, stack(0x000000b4ea000000,0x000000b4ea100000)]
  0x000002a887056000 JavaThread "ForkJoinPool.commonPool-worker-7" daemon [_thread_blocked, id=132436, stack(0x000000b4eb400000,0x000000b4eb500000)]
  0x000002a887055000 JavaThread "Daemon Thread 6" [_thread_blocked, id=132872, stack(0x000000b4e0b00000,0x000000b4e0c00000)]
  0x000002a887059000 JavaThread "Handler for socket connection from /127.0.0.1:55239 to /127.0.0.1:54134" [_thread_in_native, id=118896, stack(0x000000b4e0c00000,0x000000b4e0d00000)]
  0x000002a88705a000 JavaThread "Cancel handler" [_thread_blocked, id=127256, stack(0x000000b4e0d00000,0x000000b4e0e00000)]
  0x000002a88705c800 JavaThread "Daemon worker Thread 6" [_thread_blocked, id=109048, stack(0x000000b4e2400000,0x000000b4e2500000)]
  0x000002a88705b800 JavaThread "Asynchronous log dispatcher for DefaultDaemonConnection: socket connection from /127.0.0.1:55239 to /127.0.0.1:54134" [_thread_blocked, id=109720, stack(0x000000b4e2500000,0x000000b4e2600000)]
  0x000002a88705a800 JavaThread "Stdin handler" [_thread_blocked, id=124220, stack(0x000000b4e2600000,0x000000b4e2700000)]
  0x000002a887056800 JavaThread "Daemon client event forwarder" [_thread_blocked, id=127976, stack(0x000000b4e2700000,0x000000b4e2800000)]
  0x000002a88705d000 JavaThread "Cache worker for file hash cache (C:\CMS-ADMIN\.gradle\7.3.3\fileHashes)" [_thread_blocked, id=130292, stack(0x000000b4e2800000,0x000000b4e2900000)]
  0x000002a887057800 JavaThread "Cache worker for checksums cache (C:\CMS-ADMIN\.gradle\7.3.3\checksums)" [_thread_blocked, id=127772, stack(0x000000b4e2900000,0x000000b4e2a00000)]
  0x000002a88705e000 JavaThread "Cache worker for cache directory md-supplier (C:\Users\rohan\.gradle\caches\7.3.3\md-supplier)" [_thread_blocked, id=103640, stack(0x000000b4e2a00000,0x000000b4e2b00000)]
  0x000002a887058000 JavaThread "Cache worker for cache directory md-rule (C:\Users\rohan\.gradle\caches\7.3.3\md-rule)" [_thread_blocked, id=128200, stack(0x000000b4e3400000,0x000000b4e3500000)]
  0x000002a887901800 JavaThread "Cache worker for dependencies-accessors (C:\CMS-ADMIN\.gradle\7.3.3\dependencies-accessors)" [_thread_blocked, id=130856, stack(0x000000b4e3700000,0x000000b4e3800000)]
  0x000002a887904000 JavaThread "Cache worker for Build Output Cleanup Cache (C:\CMS-ADMIN\.gradle\buildOutputCleanup)" [_thread_blocked, id=125808, stack(0x000000b4e3800000,0x000000b4e3900000)]
  0x000002a887908000 JavaThread "Unconstrained build operations" [_thread_blocked, id=127792, stack(0x000000b4e3900000,0x000000b4e3a00000)]
  0x000002a887902000 JavaThread "Unconstrained build operations Thread 2" [_thread_blocked, id=131324, stack(0x000000b4e3e00000,0x000000b4e3f00000)]
  0x000002a887903000 JavaThread "Unconstrained build operations Thread 3" [_thread_blocked, id=115920, stack(0x000000b4e4000000,0x000000b4e4100000)]
  0x000002a887905800 JavaThread "Unconstrained build operations Thread 4" [_thread_blocked, id=106772, stack(0x000000b4e4100000,0x000000b4e4200000)]
  0x000002a887906800 JavaThread "Unconstrained build operations Thread 5" [_thread_blocked, id=116768, stack(0x000000b4e4200000,0x000000b4e4300000)]
  0x000002a887907000 JavaThread "Unconstrained build operations Thread 6" [_thread_blocked, id=98792, stack(0x000000b4e4300000,0x000000b4e4400000)]
  0x000002a887908800 JavaThread "Unconstrained build operations Thread 7" [_thread_blocked, id=114144, stack(0x000000b4e4400000,0x000000b4e4500000)]
  0x000002a887909800 JavaThread "Unconstrained build operations Thread 8" [_thread_blocked, id=132380, stack(0x000000b4e4500000,0x000000b4e4600000)]
  0x000002a88790a800 JavaThread "Unconstrained build operations Thread 9" [_thread_blocked, id=101248, stack(0x000000b4e4600000,0x000000b4e4700000)]
  0x000002a887904800 JavaThread "Unconstrained build operations Thread 10" [_thread_blocked, id=131504, stack(0x000000b4e4700000,0x000000b4e4800000)]
  0x000002a88790e800 JavaThread "Unconstrained build operations Thread 11" [_thread_blocked, id=131536, stack(0x000000b4e4800000,0x000000b4e4900000)]
  0x000002a88790c000 JavaThread "Unconstrained build operations Thread 12" [_thread_blocked, id=117120, stack(0x000000b4e4900000,0x000000b4e4a00000)]
  0x000002a88790b000 JavaThread "Unconstrained build operations Thread 13" [_thread_blocked, id=130388, stack(0x000000b4e4a00000,0x000000b4e4b00000)]
  0x000002a88790d000 JavaThread "Unconstrained build operations Thread 14" [_thread_blocked, id=107708, stack(0x000000b4e4b00000,0x000000b4e4c00000)]
  0x000002a88790f000 JavaThread "Unconstrained build operations Thread 15" [_thread_blocked, id=118052, stack(0x000000b4e4c00000,0x000000b4e4d00000)]
  0x000002a887910000 JavaThread "Unconstrained build operations Thread 16" [_thread_blocked, id=131980, stack(0x000000b4e4d00000,0x000000b4e4e00000)]
  0x000002a881272800 JavaThread "Unconstrained build operations Thread 17" [_thread_blocked, id=113496, stack(0x000000b4e4e00000,0x000000b4e4f00000)]
  0x000002a881272000 JavaThread "Unconstrained build operations Thread 18" [_thread_blocked, id=125028, stack(0x000000b4e4f00000,0x000000b4e5000000)]
  0x000002a881277800 JavaThread "Unconstrained build operations Thread 19" [_thread_blocked, id=119040, stack(0x000000b4e5000000,0x000000b4e5100000)]
  0x000002a881276000 JavaThread "Unconstrained build operations Thread 20" [_thread_blocked, id=107048, stack(0x000000b4e5100000,0x000000b4e5200000)]
  0x000002a881278800 JavaThread "Unconstrained build operations Thread 21" [_thread_blocked, id=124624, stack(0x000000b4e5200000,0x000000b4e5300000)]
  0x000002a881279000 JavaThread "Unconstrained build operations Thread 22" [_thread_blocked, id=103448, stack(0x000000b4e5300000,0x000000b4e5400000)]
  0x000002a88127a000 JavaThread "Unconstrained build operations Thread 23" [_thread_blocked, id=131380, stack(0x000000b4e5400000,0x000000b4e5500000)]
  0x000002a881276800 JavaThread "Unconstrained build operations Thread 24" [_thread_blocked, id=130680, stack(0x000000b4e5500000,0x000000b4e5600000)]
  0x000002a881274000 JavaThread "Unconstrained build operations Thread 25" [_thread_blocked, id=132636, stack(0x000000b4e5600000,0x000000b4e5700000)]
  0x000002a88127b000 JavaThread "Unconstrained build operations Thread 26" [_thread_blocked, id=7696, stack(0x000000b4e5700000,0x000000b4e5800000)]
  0x000002a881275000 JavaThread "Unconstrained build operations Thread 27" [_thread_blocked, id=91548, stack(0x000000b4e5800000,0x000000b4e5900000)]
  0x000002a88127c800 JavaThread "Unconstrained build operations Thread 28" [_thread_blocked, id=130120, stack(0x000000b4e5900000,0x000000b4e5a00000)]
  0x000002a88127f000 JavaThread "Unconstrained build operations Thread 29" [_thread_blocked, id=127260, stack(0x000000b4e5a00000,0x000000b4e5b00000)]
  0x000002a88127f800 JavaThread "Unconstrained build operations Thread 30" [_thread_blocked, id=124884, stack(0x000000b4e5b00000,0x000000b4e5c00000)]
  0x000002a881280800 JavaThread "Unconstrained build operations Thread 31" [_thread_blocked, id=110336, stack(0x000000b4e5c00000,0x000000b4e5d00000)]
  0x000002a88127b800 JavaThread "Unconstrained build operations Thread 32" [_thread_blocked, id=116488, stack(0x000000b4e5d00000,0x000000b4e5e00000)]
  0x000002a88127d000 JavaThread "Unconstrained build operations Thread 33" [_thread_blocked, id=122952, stack(0x000000b4e5e00000,0x000000b4e5f00000)]
  0x000002a883450800 JavaThread "Unconstrained build operations Thread 34" [_thread_blocked, id=128580, stack(0x000000b4e5f00000,0x000000b4e6000000)]
  0x000002a88344f800 JavaThread "Unconstrained build operations Thread 35" [_thread_blocked, id=107976, stack(0x000000b4e6000000,0x000000b4e6100000)]
  0x000002a883452000 JavaThread "Unconstrained build operations Thread 36" [_thread_blocked, id=132040, stack(0x000000b4e6100000,0x000000b4e6200000)]
  0x000002a883451000 JavaThread "Unconstrained build operations Thread 37" [_thread_blocked, id=121128, stack(0x000000b4e6200000,0x000000b4e6300000)]
  0x000002a883453000 JavaThread "Unconstrained build operations Thread 38" [_thread_blocked, id=124228, stack(0x000000b4e6300000,0x000000b4e6400000)]
  0x000002a883453800 JavaThread "Unconstrained build operations Thread 39" [_thread_blocked, id=129028, stack(0x000000b4e6400000,0x000000b4e6500000)]
  0x000002a88344e800 JavaThread "Unconstrained build operations Thread 40" [_thread_blocked, id=132132, stack(0x000000b4e6500000,0x000000b4e6600000)]
  0x000002a88345a000 JavaThread "Unconstrained build operations Thread 41" [_thread_blocked, id=131812, stack(0x000000b4e6600000,0x000000b4e6700000)]
  0x000002a883457000 JavaThread "Unconstrained build operations Thread 42" [_thread_blocked, id=131024, stack(0x000000b4e6700000,0x000000b4e6800000)]
  0x000002a883454800 JavaThread "Unconstrained build operations Thread 43" [_thread_blocked, id=128260, stack(0x000000b4e6800000,0x000000b4e6900000)]
  0x000002a883455000 JavaThread "Unconstrained build operations Thread 44" [_thread_blocked, id=123592, stack(0x000000b4e6900000,0x000000b4e6a00000)]
  0x000002a883457800 JavaThread "Unconstrained build operations Thread 45" [_thread_blocked, id=132728, stack(0x000000b4e6a00000,0x000000b4e6b00000)]
  0x000002a883456000 JavaThread "Unconstrained build operations Thread 46" [_thread_blocked, id=116160, stack(0x000000b4e6b00000,0x000000b4e6c00000)]
  0x000002a88345c800 JavaThread "Unconstrained build operations Thread 47" [_thread_blocked, id=129052, stack(0x000000b4e6c00000,0x000000b4e6d00000)]
  0x000002a882a0c800 JavaThread "Unconstrained build operations Thread 48" [_thread_blocked, id=106428, stack(0x000000b4e6d00000,0x000000b4e6e00000)]
  0x000002a882a0f000 JavaThread "Unconstrained build operations Thread 49" [_thread_blocked, id=127944, stack(0x000000b4e6e00000,0x000000b4e6f00000)]
  0x000002a882a0b000 JavaThread "Unconstrained build operations Thread 50" [_thread_blocked, id=101992, stack(0x000000b4e6f00000,0x000000b4e7000000)]
  0x000002a882a12800 JavaThread "Unconstrained build operations Thread 51" [_thread_blocked, id=80328, stack(0x000000b4e7000000,0x000000b4e7100000)]
  0x000002a882a16800 JavaThread "Unconstrained build operations Thread 52" [_thread_blocked, id=129316, stack(0x000000b4e7100000,0x000000b4e7200000)]
  0x000002a882a13000 JavaThread "Unconstrained build operations Thread 53" [_thread_blocked, id=112452, stack(0x000000b4e7200000,0x000000b4e7300000)]
  0x000002a882a14000 JavaThread "Unconstrained build operations Thread 54" [_thread_blocked, id=93872, stack(0x000000b4e7300000,0x000000b4e7400000)]
  0x000002a882a15000 JavaThread "Unconstrained build operations Thread 55" [_thread_blocked, id=132268, stack(0x000000b4e7400000,0x000000b4e7500000)]
  0x000002a882a15800 JavaThread "Unconstrained build operations Thread 56" [_thread_blocked, id=102508, stack(0x000000b4e7500000,0x000000b4e7600000)]
  0x000002a882a17800 JavaThread "Unconstrained build operations Thread 57" [_thread_blocked, id=99948, stack(0x000000b4e7600000,0x000000b4e7700000)]
  0x000002a882a11800 JavaThread "Unconstrained build operations Thread 58" [_thread_blocked, id=106744, stack(0x000000b4e7700000,0x000000b4e7800000)]
  0x000002a882a18000 JavaThread "Unconstrained build operations Thread 59" [_thread_blocked, id=129660, stack(0x000000b4e7800000,0x000000b4e7900000)]
  0x000002a887063800 JavaThread "Unconstrained build operations Thread 60" [_thread_blocked, id=133060, stack(0x000000b4e7900000,0x000000b4e7a00000)]
  0x000002a88705f800 JavaThread "Unconstrained build operations Thread 61" [_thread_blocked, id=105976, stack(0x000000b4e7a00000,0x000000b4e7b00000)]
  0x000002a88705e800 JavaThread "Unconstrained build operations Thread 62" [_thread_blocked, id=129828, stack(0x000000b4e7b00000,0x000000b4e7c00000)]
  0x000002a887060800 JavaThread "Unconstrained build operations Thread 63" [_thread_blocked, id=120824, stack(0x000000b4e7c00000,0x000000b4e7d00000)]
  0x000002a887061000 JavaThread "Unconstrained build operations Thread 64" [_thread_blocked, id=131856, stack(0x000000b4e7d00000,0x000000b4e7e00000)]
  0x000002a887062000 JavaThread "Unconstrained build operations Thread 65" [_thread_blocked, id=131292, stack(0x000000b4e7e00000,0x000000b4e7f00000)]
  0x000002a887063000 JavaThread "Unconstrained build operations Thread 66" [_thread_blocked, id=131768, stack(0x000000b4e7f00000,0x000000b4e8000000)]
  0x000002a880dc1800 JavaThread "Unconstrained build operations Thread 67" [_thread_blocked, id=132372, stack(0x000000b4e8000000,0x000000b4e8100000)]
  0x000002a880dc3800 JavaThread "Unconstrained build operations Thread 68" [_thread_blocked, id=104424, stack(0x000000b4e8100000,0x000000b4e8200000)]
  0x000002a880dc2800 JavaThread "Unconstrained build operations Thread 69" [_thread_blocked, id=121720, stack(0x000000b4e8200000,0x000000b4e8300000)]
  0x000002a880dc6800 JavaThread "Unconstrained build operations Thread 70" [_thread_blocked, id=131416, stack(0x000000b4e8300000,0x000000b4e8400000)]
  0x000002a8ff042000 JavaThread "Unconstrained build operations Thread 71" [_thread_blocked, id=130864, stack(0x000000b4e8400000,0x000000b4e8500000)]
  0x000002a8ff048800 JavaThread "Unconstrained build operations Thread 72" [_thread_blocked, id=131472, stack(0x000000b4e8500000,0x000000b4e8600000)]
  0x000002a8ff047800 JavaThread "Unconstrained build operations Thread 73" [_thread_blocked, id=130268, stack(0x000000b4e8600000,0x000000b4e8700000)]
  0x000002a8ff045000 JavaThread "Unconstrained build operations Thread 74" [_thread_blocked, id=125920, stack(0x000000b4e8700000,0x000000b4e8800000)]
  0x000002a8ff042800 JavaThread "Unconstrained build operations Thread 75" [_thread_blocked, id=130708, stack(0x000000b4e8800000,0x000000b4e8900000)]
  0x000002a8ff049000 JavaThread "Unconstrained build operations Thread 76" [_thread_blocked, id=7504, stack(0x000000b4e8900000,0x000000b4e8a00000)]
  0x000002a8ff043800 JavaThread "Unconstrained build operations Thread 77" [_thread_blocked, id=102988, stack(0x000000b4e8a00000,0x000000b4e8b00000)]
  0x000002a8ff04a000 JavaThread "Unconstrained build operations Thread 78" [_thread_blocked, id=131580, stack(0x000000b4e8b00000,0x000000b4e8c00000)]
  0x000002a8ff044000 JavaThread "Unconstrained build operations Thread 79" [_thread_blocked, id=114048, stack(0x000000b4e8c00000,0x000000b4e8d00000)]
  0x000002a8ff04a800 JavaThread "Unconstrained build operations Thread 80" [_thread_blocked, id=67192, stack(0x000000b4e8d00000,0x000000b4e8e00000)]
  0x000002a8ff04b800 JavaThread "build event listener" [_thread_blocked, id=131876, stack(0x000000b4e8e00000,0x000000b4e8f00000)]
  0x000002a8ff046000 JavaThread "Execution worker for ':'" [_thread_blocked, id=130400, stack(0x000000b4e8f00000,0x000000b4e9000000)]
  0x000002a8ff04c800 JavaThread "Execution worker for ':' Thread 2" [_thread_blocked, id=113168, stack(0x000000b4e9000000,0x000000b4e9100000)]
  0x000002a8ff046800 JavaThread "Execution worker for ':' Thread 3" [_thread_blocked, id=115832, stack(0x000000b4e9700000,0x000000b4e9800000)]
  0x000002a8ff04d000 JavaThread "Execution worker for ':' Thread 4" [_thread_blocked, id=120184, stack(0x000000b4e9800000,0x000000b4e9900000)]
  0x000002a8ff04e000 JavaThread "Execution worker for ':' Thread 5" [_thread_blocked, id=129216, stack(0x000000b4e9900000,0x000000b4e9a00000)]
  0x000002a8ff04f000 JavaThread "Execution worker for ':' Thread 6" [_thread_blocked, id=106292, stack(0x000000b4e9a00000,0x000000b4e9b00000)]
  0x000002a8ff04f800 JavaThread "Execution worker for ':' Thread 7" [_thread_blocked, id=118284, stack(0x000000b4e9b00000,0x000000b4e9c00000)]
  0x000002a8ff050800 JavaThread "Cache worker for execution history cache (C:\CMS-ADMIN\.gradle\7.3.3\executionHistory)" [_thread_blocked, id=107136, stack(0x000000b4e9c00000,0x000000b4e9d00000)]
  0x000002a88483c000 JavaThread "WorkerExecutor Queue" [_thread_in_native, id=126300, stack(0x000000b4e9d00000,0x000000b4e9e00000)]
  0x000002a884838800 JavaThread "pool-21-thread-1" [_thread_blocked, id=131596, stack(0x000000b4e9e00000,0x000000b4e9f00000)]
  0x000002a88483d800 JavaThread "stderr" [_thread_in_native, id=125276, stack(0x000000b4e9f00000,0x000000b4ea000000)]
  0x000002a884838000 JavaThread "stdout" [_thread_in_native, id=110508, stack(0x000000b4ea100000,0x000000b4ea200000)]

Other Threads:
  0x000002a8fddb8000 VMThread "VM Thread" [stack: 0x000000b4e1400000,0x000000b4e1500000] [id=120296]
  0x000002a8fe91d800 WatcherThread [stack: 0x000000b4e1e00000,0x000000b4e1f00000] [id=125444]
  0x000002a8e394e800 GCTaskThread "GC Thread#0" [stack: 0x000000b4e0f00000,0x000000b4e1000000] [id=89716]
  0x000002a880075000 GCTaskThread "GC Thread#1" [stack: 0x000000b4e1f00000,0x000000b4e2000000] [id=124692]
  0x000002a880075800 GCTaskThread "GC Thread#2" [stack: 0x000000b4e2000000,0x000000b4e2100000] [id=118392]
  0x000002a8ff2ed000 GCTaskThread "GC Thread#3" [stack: 0x000000b4e2b00000,0x000000b4e2c00000] [id=127296]
  0x000002a880fa3000 GCTaskThread "GC Thread#4" [stack: 0x000000b4e2c00000,0x000000b4e2d00000] [id=113560]
  0x000002a8ff2e7800 GCTaskThread "GC Thread#5" [stack: 0x000000b4e2d00000,0x000000b4e2e00000] [id=130228]
  0x000002a881043800 GCTaskThread "GC Thread#6" [stack: 0x000000b4e2e00000,0x000000b4e2f00000] [id=102900]
  0x000002a8800ae800 GCTaskThread "GC Thread#7" [stack: 0x000000b4e2f00000,0x000000b4e3000000] [id=133064]
  0x000002a8e3980000 ConcurrentGCThread "G1 Main Marker" [stack: 0x000000b4e1000000,0x000000b4e1100000] [id=121224]
  0x000002a8e3981000 ConcurrentGCThread "G1 Conc#0" [stack: 0x000000b4e1100000,0x000000b4e1200000] [id=107172]
  0x000002a880c5f800 ConcurrentGCThread "G1 Conc#1" [stack: 0x000000b4e3300000,0x000000b4e3400000] [id=115844]
  0x000002a8fdc06800 ConcurrentGCThread "G1 Refine#0" [stack: 0x000000b4e1200000,0x000000b4e1300000] [id=130488]
  0x000002a8fdc07800 ConcurrentGCThread "G1 Young RemSet Sampling" [stack: 0x000000b4e1300000,0x000000b4e1400000] [id=130108]

Threads with active compile tasks:
C2 CompilerThread04826944 20474   !   4       com.google.common.collect.MapMakerInternalMap$Segment::put (298 bytes)

VM state:not at safepoint (normal execution)

VM Mutex/Monitor currently owned by a thread: None

Heap address: 0x0000000080000000, size: 2048 MB, Compressed Oops mode: 32-bit
Narrow klass base: 0x0000000000000000, Narrow klass shift: 3
Compressed class space size: 1073741824 Address: 0x0000000100000000

Heap:
 garbage-first heap   total 187392K, used 120190K [0x0000000080000000, 0x0000000100000000)
  region size 1024K, 25 young (25600K), 1 survivors (1024K)
 Metaspace       used 116189K, capacity 119836K, committed 120524K, reserved 1153024K
  class space    used 14872K, capacity 16246K, committed 16384K, reserved 1048576K
Heap Regions: E=young(eden), S=young(survivor), O=old, HS=humongous(starts), HC=humongous(continues), CS=collection set, F=free, A=archive, TAMS=top-at-mark-start (previous, next)
|   0|0x0000000080000000, 0x0000000080100000, 0x0000000080100000|100%| O|  |TAMS 0x0000000080100000, 0x0000000080000000| Untracked 
|   1|0x0000000080100000, 0x0000000080100000, 0x0000000080200000|  0%| F|  |TAMS 0x0000000080100000, 0x0000000080100000| Untracked 
|   2|0x0000000080200000, 0x0000000080300000, 0x0000000080300000|100%| O|  |TAMS 0x0000000080300000, 0x0000000080200000| Untracked 
|   3|0x0000000080300000, 0x0000000080400000, 0x0000000080400000|100%|HS|  |TAMS 0x0000000080400000, 0x0000000080300000| Complete 
|   4|0x0000000080400000, 0x0000000080500000, 0x0000000080500000|100%|HC|  |TAMS 0x0000000080500000, 0x0000000080400000| Complete 
|   5|0x0000000080500000, 0x0000000080600000, 0x0000000080600000|100%|HC|  |TAMS 0x0000000080600000, 0x0000000080500000| Complete 
|   6|0x0000000080600000, 0x0000000080700000, 0x0000000080700000|100%| O|  |TAMS 0x0000000080700000, 0x0000000080600000| Untracked 
|   7|0x0000000080700000, 0x0000000080800000, 0x0000000080800000|100%| O|  |TAMS 0x0000000080800000, 0x0000000080700000| Untracked 
|   8|0x0000000080800000, 0x0000000080900000, 0x0000000080900000|100%| O|  |TAMS 0x0000000080900000, 0x0000000080800000| Untracked 
|   9|0x0000000080900000, 0x0000000080a00000, 0x0000000080a00000|100%| O|  |TAMS 0x0000000080a00000, 0x0000000080900000| Untracked 
|  10|0x0000000080a00000, 0x0000000080b00000, 0x0000000080b00000|100%| O|  |TAMS 0x0000000080b00000, 0x0000000080a00000| Untracked 
|  11|0x0000000080b00000, 0x0000000080c00000, 0x0000000080c00000|100%| O|  |TAMS 0x0000000080c00000, 0x0000000080b00000| Untracked 
|  12|0x0000000080c00000, 0x0000000080c00000, 0x0000000080d00000|  0%| F|  |TAMS 0x0000000080c00000, 0x0000000080c00000| Untracked 
|  13|0x0000000080d00000, 0x0000000080e00000, 0x0000000080e00000|100%| O|  |TAMS 0x0000000080e00000, 0x0000000080d00000| Untracked 
|  14|0x0000000080e00000, 0x0000000080f00000, 0x0000000080f00000|100%| O|  |TAMS 0x0000000080f00000, 0x0000000080e00000| Untracked 
|  15|0x0000000080f00000, 0x0000000081000000, 0x0000000081000000|100%| O|  |TAMS 0x0000000081000000, 0x0000000080f00000| Untracked 
|  16|0x0000000081000000, 0x0000000081100000, 0x0000000081100000|100%| O|  |TAMS 0x0000000081100000, 0x0000000081000000| Untracked 
|  17|0x0000000081100000, 0x0000000081200000, 0x0000000081200000|100%| O|  |TAMS 0x0000000081200000, 0x0000000081100000| Untracked 
|  18|0x0000000081200000, 0x0000000081300000, 0x0000000081300000|100%| O|  |TAMS 0x0000000081300000, 0x0000000081200000| Untracked 
|  19|0x0000000081300000, 0x0000000081400000, 0x0000000081400000|100%| O|  |TAMS 0x0000000081400000, 0x0000000081300000| Untracked 
|  20|0x0000000081400000, 0x0000000081500000, 0x0000000081500000|100%|HS|  |TAMS 0x0000000081500000, 0x0000000081400000| Complete 
|  21|0x0000000081500000, 0x0000000081600000, 0x0000000081600000|100%| O|  |TAMS 0x0000000081600000, 0x0000000081500000| Untracked 
|  22|0x0000000081600000, 0x0000000081700000, 0x0000000081700000|100%| O|  |TAMS 0x0000000081700000, 0x0000000081600000| Untracked 
|  23|0x0000000081700000, 0x0000000081800000, 0x0000000081800000|100%| O|  |TAMS 0x0000000081800000, 0x0000000081700000| Untracked 
|  24|0x0000000081800000, 0x0000000081900000, 0x0000000081900000|100%| O|  |TAMS 0x0000000081900000, 0x0000000081800000| Untracked 
|  25|0x0000000081900000, 0x0000000081a00000, 0x0000000081a00000|100%| O|  |TAMS 0x0000000081a00000, 0x0000000081900000| Untracked 
|  26|0x0000000081a00000, 0x0000000081b00000, 0x0000000081b00000|100%| O|  |TAMS 0x0000000081b00000, 0x0000000081a00000| Untracked 
|  27|0x0000000081b00000, 0x0000000081c00000, 0x0000000081c00000|100%| O|  |TAMS 0x0000000081c00000, 0x0000000081b00000| Untracked 
|  28|0x0000000081c00000, 0x0000000081d00000, 0x0000000081d00000|100%|HS|  |TAMS 0x0000000081d00000, 0x0000000081c00000| Complete 
|  29|0x0000000081d00000, 0x0000000081e00000, 0x0000000081e00000|100%|HS|  |TAMS 0x0000000081e00000, 0x0000000081d00000| Complete 
|  30|0x0000000081e00000, 0x0000000081f00000, 0x0000000081f00000|100%|HC|  |TAMS 0x0000000081f00000, 0x0000000081e00000| Complete 
|  31|0x0000000081f00000, 0x0000000082000000, 0x0000000082000000|100%| O|  |TAMS 0x0000000082000000, 0x0000000081f00000| Untracked 
|  32|0x0000000082000000, 0x0000000082100000, 0x0000000082100000|100%| O|  |TAMS 0x0000000082100000, 0x0000000082000000| Untracked 
|  33|0x0000000082100000, 0x0000000082200000, 0x0000000082200000|100%| O|  |TAMS 0x0000000082200000, 0x0000000082100000| Untracked 
|  34|0x0000000082200000, 0x0000000082300000, 0x0000000082300000|100%| O|  |TAMS 0x0000000082300000, 0x0000000082200000| Untracked 
|  35|0x0000000082300000, 0x0000000082400000, 0x0000000082400000|100%| O|  |TAMS 0x0000000082400000, 0x0000000082300000| Untracked 
|  36|0x0000000082400000, 0x0000000082500000, 0x0000000082500000|100%| O|  |TAMS 0x0000000082500000, 0x0000000082400000| Untracked 
|  37|0x0000000082500000, 0x0000000082600000, 0x0000000082600000|100%| O|  |TAMS 0x0000000082600000, 0x0000000082500000| Untracked 
|  38|0x0000000082600000, 0x0000000082700000, 0x0000000082700000|100%| O|  |TAMS 0x0000000082700000, 0x0000000082600000| Untracked 
|  39|0x0000000082700000, 0x0000000082800000, 0x0000000082800000|100%| O|  |TAMS 0x0000000082800000, 0x0000000082700000| Untracked 
|  40|0x0000000082800000, 0x0000000082900000, 0x0000000082900000|100%| O|  |TAMS 0x0000000082900000, 0x0000000082800000| Untracked 
|  41|0x0000000082900000, 0x0000000082a00000, 0x0000000082a00000|100%| O|  |TAMS 0x0000000082a00000, 0x0000000082900000| Untracked 
|  42|0x0000000082a00000, 0x0000000082b00000, 0x0000000082b00000|100%| O|  |TAMS 0x0000000082b00000, 0x0000000082a00000| Untracked 
|  43|0x0000000082b00000, 0x0000000082c00000, 0x0000000082c00000|100%| O|  |TAMS 0x0000000082c00000, 0x0000000082b00000| Untracked 
|  44|0x0000000082c00000, 0x0000000082d00000, 0x0000000082d00000|100%| O|  |TAMS 0x0000000082d00000, 0x0000000082c00000| Untracked 
|  45|0x0000000082d00000, 0x0000000082e00000, 0x0000000082e00000|100%| O|  |TAMS 0x0000000082e00000, 0x0000000082d00000| Untracked 
|  46|0x0000000082e00000, 0x0000000082f00000, 0x0000000082f00000|100%| O|  |TAMS 0x0000000082e00000, 0x0000000082e00000| Untracked 
|  47|0x0000000082f00000, 0x0000000083000000, 0x0000000083000000|100%| O|  |TAMS 0x0000000082f00000, 0x0000000082f00000| Untracked 
|  48|0x0000000083000000, 0x0000000083100000, 0x0000000083100000|100%| O|  |TAMS 0x0000000083100000, 0x0000000083000000| Untracked 
|  49|0x0000000083100000, 0x0000000083200000, 0x0000000083200000|100%| O|  |TAMS 0x0000000083200000, 0x0000000083100000| Untracked 
|  50|0x0000000083200000, 0x0000000083300000, 0x0000000083300000|100%| O|  |TAMS 0x0000000083300000, 0x0000000083200000| Untracked 
|  51|0x0000000083300000, 0x0000000083400000, 0x0000000083400000|100%| O|  |TAMS 0x0000000083400000, 0x0000000083300000| Untracked 
|  52|0x0000000083400000, 0x0000000083500000, 0x0000000083500000|100%| O|  |TAMS 0x0000000083500000, 0x0000000083400000| Untracked 
|  53|0x0000000083500000, 0x0000000083600000, 0x0000000083600000|100%| O|  |TAMS 0x0000000083600000, 0x0000000083500000| Untracked 
|  54|0x0000000083600000, 0x0000000083700000, 0x0000000083700000|100%| O|  |TAMS 0x0000000083600000, 0x0000000083600000| Untracked 
|  55|0x0000000083700000, 0x0000000083800000, 0x0000000083800000|100%| O|  |TAMS 0x0000000083700000, 0x0000000083700000| Untracked 
|  56|0x0000000083800000, 0x0000000083900000, 0x0000000083900000|100%| O|  |TAMS 0x0000000083900000, 0x0000000083800000| Untracked 
|  57|0x0000000083900000, 0x0000000083a00000, 0x0000000083a00000|100%| O|  |TAMS 0x0000000083a00000, 0x0000000083900000| Untracked 
|  58|0x0000000083a00000, 0x0000000083b00000, 0x0000000083b00000|100%| O|  |TAMS 0x0000000083ae0800, 0x0000000083a00000| Untracked 
|  59|0x0000000083b00000, 0x0000000083b00000, 0x0000000083c00000|  0%| F|  |TAMS 0x0000000083b00000, 0x0000000083b00000| Untracked 
|  60|0x0000000083c00000, 0x0000000083d00000, 0x0000000083d00000|100%| O|  |TAMS 0x0000000083c00000, 0x0000000083c00000| Untracked 
|  61|0x0000000083d00000, 0x0000000083e00000, 0x0000000083e00000|100%| O|  |TAMS 0x0000000083d00000, 0x0000000083d00000| Untracked 
|  62|0x0000000083e00000, 0x0000000083f00000, 0x0000000083f00000|100%| O|  |TAMS 0x0000000083e00000, 0x0000000083e00000| Untracked 
|  63|0x0000000083f00000, 0x0000000084000000, 0x0000000084000000|100%| O|  |TAMS 0x0000000083f00000, 0x0000000083f00000| Untracked 
|  64|0x0000000084000000, 0x00000000840ac400, 0x0000000084100000| 67%| O|  |TAMS 0x0000000084000000, 0x0000000084000000| Untracked 
|  65|0x0000000084100000, 0x0000000084100000, 0x0000000084200000|  0%| F|  |TAMS 0x0000000084100000, 0x0000000084100000| Untracked 
|  66|0x0000000084200000, 0x0000000084300000, 0x0000000084300000|100%| O|  |TAMS 0x0000000084300000, 0x0000000084200000| Untracked 
|  67|0x0000000084300000, 0x0000000084300000, 0x0000000084400000|  0%| F|  |TAMS 0x0000000084300000, 0x0000000084300000| Untracked 
|  68|0x0000000084400000, 0x0000000084500000, 0x0000000084500000|100%| O|  |TAMS 0x0000000084500000, 0x0000000084400000| Untracked 
|  69|0x0000000084500000, 0x0000000084600000, 0x0000000084600000|100%| O|  |TAMS 0x0000000084600000, 0x0000000084500000| Untracked 
|  70|0x0000000084600000, 0x0000000084700000, 0x0000000084700000|100%| O|  |TAMS 0x0000000084700000, 0x0000000084600000| Untracked 
|  71|0x0000000084700000, 0x0000000084800000, 0x0000000084800000|100%| O|  |TAMS 0x0000000084800000, 0x0000000084700000| Untracked 
|  72|0x0000000084800000, 0x0000000084900000, 0x0000000084900000|100%| O|  |TAMS 0x0000000084900000, 0x0000000084800000| Untracked 
|  73|0x0000000084900000, 0x0000000084900000, 0x0000000084a00000|  0%| F|  |TAMS 0x0000000084900000, 0x0000000084900000| Untracked 
|  74|0x0000000084a00000, 0x0000000084b00000, 0x0000000084b00000|100%| O|  |TAMS 0x0000000084b00000, 0x0000000084a00000| Untracked 
|  75|0x0000000084b00000, 0x0000000084c00000, 0x0000000084c00000|100%| O|  |TAMS 0x0000000084c00000, 0x0000000084b00000| Untracked 
|  76|0x0000000084c00000, 0x0000000084d00000, 0x0000000084d00000|100%| O|  |TAMS 0x0000000084d00000, 0x0000000084c00000| Untracked 
|  77|0x0000000084d00000, 0x0000000084e00000, 0x0000000084e00000|100%| O|  |TAMS 0x0000000084e00000, 0x0000000084d00000| Untracked 
|  78|0x0000000084e00000, 0x0000000084e00000, 0x0000000084f00000|  0%| F|  |TAMS 0x0000000084e00000, 0x0000000084e00000| Untracked 
|  79|0x0000000084f00000, 0x0000000084f00000, 0x0000000085000000|  0%| F|  |TAMS 0x0000000084f00000, 0x0000000084f00000| Untracked 
|  80|0x0000000085000000, 0x0000000085000000, 0x0000000085100000|  0%| F|  |TAMS 0x0000000085000000, 0x0000000085000000| Untracked 
|  81|0x0000000085100000, 0x0000000085200000, 0x0000000085200000|100%| O|  |TAMS 0x0000000085200000, 0x0000000085100000| Untracked 
|  82|0x0000000085200000, 0x0000000085300000, 0x0000000085300000|100%| O|  |TAMS 0x0000000085300000, 0x0000000085200000| Untracked 
|  83|0x0000000085300000, 0x0000000085400000, 0x0000000085400000|100%| O|  |TAMS 0x0000000085400000, 0x0000000085300000| Untracked 
|  84|0x0000000085400000, 0x0000000085400000, 0x0000000085500000|  0%| F|  |TAMS 0x0000000085400000, 0x0000000085400000| Untracked 
|  85|0x0000000085500000, 0x0000000085500000, 0x0000000085600000|  0%| F|  |TAMS 0x0000000085500000, 0x0000000085500000| Untracked 
|  86|0x0000000085600000, 0x0000000085700000, 0x0000000085700000|100%| O|  |TAMS 0x0000000085700000, 0x0000000085600000| Untracked 
|  87|0x0000000085700000, 0x0000000085800000, 0x0000000085800000|100%| O|  |TAMS 0x0000000085800000, 0x0000000085700000| Untracked 
|  88|0x0000000085800000, 0x0000000085900000, 0x0000000085900000|100%| O|  |TAMS 0x0000000085900000, 0x0000000085800000| Untracked 
|  89|0x0000000085900000, 0x0000000085a00000, 0x0000000085a00000|100%| O|  |TAMS 0x0000000085a00000, 0x0000000085900000| Untracked 
|  90|0x0000000085a00000, 0x0000000085b00000, 0x0000000085b00000|100%| O|  |TAMS 0x0000000085b00000, 0x0000000085a00000| Untracked 
|  91|0x0000000085b00000, 0x0000000085c00000, 0x0000000085c00000|100%| O|  |TAMS 0x0000000085c00000, 0x0000000085b00000| Untracked 
|  92|0x0000000085c00000, 0x0000000085c00000, 0x0000000085d00000|  0%| F|  |TAMS 0x0000000085c00000, 0x0000000085c00000| Untracked 
|  93|0x0000000085d00000, 0x0000000085e00000, 0x0000000085e00000|100%| O|  |TAMS 0x0000000085e00000, 0x0000000085d00000| Untracked 
|  94|0x0000000085e00000, 0x0000000085e00000, 0x0000000085f00000|  0%| F|  |TAMS 0x0000000085e00000, 0x0000000085e00000| Untracked 
|  95|0x0000000085f00000, 0x0000000086000000, 0x0000000086000000|100%| O|  |TAMS 0x0000000086000000, 0x0000000085f00000| Untracked 
|  96|0x0000000086000000, 0x0000000086100000, 0x0000000086100000|100%| O|  |TAMS 0x0000000086100000, 0x0000000086000000| Untracked 
|  97|0x0000000086100000, 0x0000000086200000, 0x0000000086200000|100%| O|  |TAMS 0x0000000086200000, 0x0000000086100000| Untracked 
|  98|0x0000000086200000, 0x0000000086300000, 0x0000000086300000|100%| O|  |TAMS 0x0000000086300000, 0x0000000086200000| Untracked 
|  99|0x0000000086300000, 0x0000000086400000, 0x0000000086400000|100%| O|  |TAMS 0x0000000086400000, 0x0000000086300000| Untracked 
| 100|0x0000000086400000, 0x0000000086500000, 0x0000000086500000|100%| O|  |TAMS 0x0000000086500000, 0x0000000086400000| Untracked 
| 101|0x0000000086500000, 0x0000000086600000, 0x0000000086600000|100%| O|  |TAMS 0x0000000086600000, 0x0000000086500000| Untracked 
| 102|0x0000000086600000, 0x0000000086600000, 0x0000000086700000|  0%| F|  |TAMS 0x0000000086600000, 0x0000000086600000| Untracked 
| 103|0x0000000086700000, 0x0000000086700000, 0x0000000086800000|  0%| F|  |TAMS 0x0000000086700000, 0x0000000086700000| Untracked 
| 104|0x0000000086800000, 0x0000000086800000, 0x0000000086900000|  0%| F|  |TAMS 0x0000000086800000, 0x0000000086800000| Untracked 
| 105|0x0000000086900000, 0x0000000086a00000, 0x0000000086a00000|100%| O|  |TAMS 0x0000000086a00000, 0x0000000086900000| Untracked 
| 106|0x0000000086a00000, 0x0000000086a00000, 0x0000000086b00000|  0%| F|  |TAMS 0x0000000086a00000, 0x0000000086a00000| Untracked 
| 107|0x0000000086b00000, 0x0000000086c00000, 0x0000000086c00000|100%| O|  |TAMS 0x0000000086c00000, 0x0000000086b00000| Untracked 
| 108|0x0000000086c00000, 0x0000000086c00000, 0x0000000086d00000|  0%| F|  |TAMS 0x0000000086c00000, 0x0000000086c00000| Untracked 
| 109|0x0000000086d00000, 0x0000000086d00000, 0x0000000086e00000|  0%| F|  |TAMS 0x0000000086d00000, 0x0000000086d00000| Untracked 
| 110|0x0000000086e00000, 0x0000000086e00000, 0x0000000086f00000|  0%| F|  |TAMS 0x0000000086e00000, 0x0000000086e00000| Untracked 
| 111|0x0000000086f00000, 0x0000000086f00000, 0x0000000087000000|  0%| F|  |TAMS 0x0000000086f00000, 0x0000000086f00000| Untracked 
| 112|0x0000000087000000, 0x0000000087000000, 0x0000000087100000|  0%| F|  |TAMS 0x0000000087000000, 0x0000000087000000| Untracked 
| 113|0x0000000087100000, 0x0000000087100000, 0x0000000087200000|  0%| F|  |TAMS 0x0000000087100000, 0x0000000087100000| Untracked 
| 114|0x0000000087200000, 0x0000000087200000, 0x0000000087300000|  0%| F|  |TAMS 0x0000000087200000, 0x0000000087200000| Untracked 
| 115|0x0000000087300000, 0x0000000087300000, 0x0000000087400000|  0%| F|  |TAMS 0x0000000087300000, 0x0000000087300000| Untracked 
| 116|0x0000000087400000, 0x0000000087500000, 0x0000000087500000|100%| O|  |TAMS 0x0000000087500000, 0x0000000087400000| Untracked 
| 117|0x0000000087500000, 0x0000000087500000, 0x0000000087600000|  0%| F|  |TAMS 0x0000000087500000, 0x0000000087500000| Untracked 
| 118|0x0000000087600000, 0x0000000087700000, 0x0000000087700000|100%| O|  |TAMS 0x0000000087700000, 0x0000000087600000| Untracked 
| 119|0x0000000087700000, 0x0000000087700000, 0x0000000087800000|  0%| F|  |TAMS 0x0000000087700000, 0x0000000087700000| Untracked 
| 120|0x0000000087800000, 0x0000000087800000, 0x0000000087900000|  0%| F|  |TAMS 0x0000000087800000, 0x0000000087800000| Untracked 
| 121|0x0000000087900000, 0x0000000087900000, 0x0000000087a00000|  0%| F|  |TAMS 0x0000000087900000, 0x0000000087900000| Untracked 
| 122|0x0000000087a00000, 0x0000000087a00000, 0x0000000087b00000|  0%| F|  |TAMS 0x0000000087a00000, 0x0000000087a00000| Untracked 
| 123|0x0000000087b00000, 0x0000000087c00000, 0x0000000087c00000|100%| O|  |TAMS 0x0000000087c00000, 0x0000000087b00000| Untracked 
| 124|0x0000000087c00000, 0x0000000087d00000, 0x0000000087d00000|100%| O|  |TAMS 0x0000000087d00000, 0x0000000087c00000| Untracked 
| 125|0x0000000087d00000, 0x0000000087d00000, 0x0000000087e00000|  0%| F|  |TAMS 0x0000000087d00000, 0x0000000087d00000| Untracked 
| 126|0x0000000087e00000, 0x0000000087e00000, 0x0000000087f00000|  0%| F|  |TAMS 0x0000000087e00000, 0x0000000087e00000| Untracked 
| 127|0x0000000087f00000, 0x0000000087f00000, 0x0000000088000000|  0%| F|  |TAMS 0x0000000087f00000, 0x0000000087f00000| Untracked 
| 128|0x0000000088000000, 0x0000000088000000, 0x0000000088100000|  0%| F|  |TAMS 0x0000000088000000, 0x0000000088000000| Untracked 
| 129|0x0000000088100000, 0x0000000088100000, 0x0000000088200000|  0%| F|  |TAMS 0x0000000088100000, 0x0000000088100000| Untracked 
| 130|0x0000000088200000, 0x0000000088200000, 0x0000000088300000|  0%| F|  |TAMS 0x0000000088200000, 0x0000000088200000| Untracked 
| 131|0x0000000088300000, 0x0000000088300000, 0x0000000088400000|  0%| F|  |TAMS 0x0000000088300000, 0x0000000088300000| Untracked 
| 132|0x0000000088400000, 0x0000000088400000, 0x0000000088500000|  0%| F|  |TAMS 0x0000000088400000, 0x0000000088400000| Untracked 
| 133|0x0000000088500000, 0x0000000088500000, 0x0000000088600000|  0%| F|  |TAMS 0x0000000088500000, 0x0000000088500000| Untracked 
| 134|0x0000000088600000, 0x0000000088600000, 0x0000000088700000|  0%| F|  |TAMS 0x0000000088600000, 0x0000000088600000| Untracked 
| 135|0x0000000088700000, 0x0000000088700000, 0x0000000088800000|  0%| F|  |TAMS 0x0000000088700000, 0x0000000088700000| Untracked 
| 136|0x0000000088800000, 0x0000000088800000, 0x0000000088900000|  0%| F|  |TAMS 0x0000000088800000, 0x0000000088800000| Untracked 
| 137|0x0000000088900000, 0x0000000088900000, 0x0000000088a00000|  0%| F|  |TAMS 0x0000000088900000, 0x0000000088900000| Untracked 
| 138|0x0000000088a00000, 0x0000000088a00000, 0x0000000088b00000|  0%| F|  |TAMS 0x0000000088a00000, 0x0000000088a00000| Untracked 
| 139|0x0000000088b00000, 0x0000000088b00000, 0x0000000088c00000|  0%| F|  |TAMS 0x0000000088b00000, 0x0000000088b00000| Untracked 
| 140|0x0000000088c00000, 0x0000000088c00000, 0x0000000088d00000|  0%| F|  |TAMS 0x0000000088c00000, 0x0000000088c00000| Untracked 
| 141|0x0000000088d00000, 0x0000000088d00000, 0x0000000088e00000|  0%| F|  |TAMS 0x0000000088d00000, 0x0000000088d00000| Untracked 
| 142|0x0000000088e00000, 0x0000000088e00000, 0x0000000088f00000|  0%| F|  |TAMS 0x0000000088e00000, 0x0000000088e00000| Untracked 
| 143|0x0000000088f00000, 0x0000000088f00000, 0x0000000089000000|  0%| F|  |TAMS 0x0000000088f00000, 0x0000000088f00000| Untracked 
| 144|0x0000000089000000, 0x0000000089000000, 0x0000000089100000|  0%| F|  |TAMS 0x0000000089000000, 0x0000000089000000| Untracked 
| 145|0x0000000089100000, 0x0000000089100000, 0x0000000089200000|  0%| F|  |TAMS 0x0000000089100000, 0x0000000089100000| Untracked 
| 146|0x0000000089200000, 0x0000000089200000, 0x0000000089300000|  0%| F|  |TAMS 0x0000000089200000, 0x0000000089200000| Untracked 
| 147|0x0000000089300000, 0x0000000089300000, 0x0000000089400000|  0%| F|  |TAMS 0x0000000089300000, 0x0000000089300000| Untracked 
| 148|0x0000000089400000, 0x0000000089400000, 0x0000000089500000|  0%| F|  |TAMS 0x0000000089400000, 0x0000000089400000| Untracked 
| 149|0x0000000089500000, 0x0000000089500000, 0x0000000089600000|  0%| F|  |TAMS 0x0000000089500000, 0x0000000089500000| Untracked 
| 150|0x0000000089600000, 0x0000000089600000, 0x0000000089700000|  0%| F|  |TAMS 0x0000000089600000, 0x0000000089600000| Untracked 
| 151|0x0000000089700000, 0x0000000089700000, 0x0000000089800000|  0%| F|  |TAMS 0x0000000089700000, 0x0000000089700000| Untracked 
| 152|0x0000000089800000, 0x0000000089800000, 0x0000000089900000|  0%| F|  |TAMS 0x0000000089800000, 0x0000000089800000| Untracked 
| 153|0x0000000089900000, 0x0000000089900000, 0x0000000089a00000|  0%| F|  |TAMS 0x0000000089900000, 0x0000000089900000| Untracked 
| 154|0x0000000089a00000, 0x0000000089a00000, 0x0000000089b00000|  0%| F|  |TAMS 0x0000000089a00000, 0x0000000089a00000| Untracked 
| 155|0x0000000089b00000, 0x0000000089b00000, 0x0000000089c00000|  0%| F|  |TAMS 0x0000000089b00000, 0x0000000089b00000| Untracked 
| 156|0x0000000089c00000, 0x0000000089c00000, 0x0000000089d00000|  0%| F|  |TAMS 0x0000000089c00000, 0x0000000089c00000| Untracked 
| 157|0x0000000089d00000, 0x0000000089d00000, 0x0000000089e00000|  0%| F|  |TAMS 0x0000000089d00000, 0x0000000089d00000| Untracked 
| 158|0x0000000089e00000, 0x0000000089ebea20, 0x0000000089f00000| 74%| E|  |TAMS 0x0000000089e00000, 0x0000000089e00000| Complete 
| 159|0x0000000089f00000, 0x000000008a000000, 0x000000008a000000|100%| E|CS|TAMS 0x0000000089f00000, 0x0000000089f00000| Complete 
| 160|0x000000008a000000, 0x000000008a100000, 0x000000008a100000|100%| E|CS|TAMS 0x000000008a000000, 0x000000008a000000| Complete 
| 161|0x000000008a100000, 0x000000008a200000, 0x000000008a200000|100%| E|CS|TAMS 0x000000008a100000, 0x000000008a100000| Complete 
| 162|0x000000008a200000, 0x000000008a300000, 0x000000008a300000|100%| E|CS|TAMS 0x000000008a200000, 0x000000008a200000| Complete 
| 163|0x000000008a300000, 0x000000008a400000, 0x000000008a400000|100%| E|CS|TAMS 0x000000008a300000, 0x000000008a300000| Complete 
| 164|0x000000008a400000, 0x000000008a500000, 0x000000008a500000|100%| E|CS|TAMS 0x000000008a400000, 0x000000008a400000| Complete 
| 165|0x000000008a500000, 0x000000008a600000, 0x000000008a600000|100%| E|CS|TAMS 0x000000008a500000, 0x000000008a500000| Complete 
| 166|0x000000008a600000, 0x000000008a700000, 0x000000008a700000|100%| E|CS|TAMS 0x000000008a600000, 0x000000008a600000| Complete 
| 167|0x000000008a700000, 0x000000008a800000, 0x000000008a800000|100%| E|  |TAMS 0x000000008a700000, 0x000000008a700000| Complete 
| 168|0x000000008a800000, 0x000000008a900000, 0x000000008a900000|100%| E|CS|TAMS 0x000000008a800000, 0x000000008a800000| Complete 
| 169|0x000000008a900000, 0x000000008aa00000, 0x000000008aa00000|100%| E|CS|TAMS 0x000000008a900000, 0x000000008a900000| Complete 
| 170|0x000000008aa00000, 0x000000008ab00000, 0x000000008ab00000|100%| E|CS|TAMS 0x000000008aa00000, 0x000000008aa00000| Complete 
| 171|0x000000008ab00000, 0x000000008ac00000, 0x000000008ac00000|100%| E|CS|TAMS 0x000000008ab00000, 0x000000008ab00000| Complete 
| 172|0x000000008ac00000, 0x000000008ad00000, 0x000000008ad00000|100%| E|CS|TAMS 0x000000008ac00000, 0x000000008ac00000| Complete 
| 173|0x000000008ad00000, 0x000000008ae00000, 0x000000008ae00000|100%| E|CS|TAMS 0x000000008ad00000, 0x000000008ad00000| Complete 
| 174|0x000000008ae00000, 0x000000008af00000, 0x000000008af00000|100%| E|CS|TAMS 0x000000008ae00000, 0x000000008ae00000| Complete 
| 175|0x000000008af00000, 0x000000008b000000, 0x000000008b000000|100%| E|CS|TAMS 0x000000008af00000, 0x000000008af00000| Complete 
| 176|0x000000008b000000, 0x000000008b0b37e0, 0x000000008b100000| 70%| S|CS|TAMS 0x000000008b000000, 0x000000008b000000| Complete 
| 177|0x000000008b100000, 0x000000008b200000, 0x000000008b200000|100%| E|CS|TAMS 0x000000008b100000, 0x000000008b100000| Complete 
| 178|0x000000008b200000, 0x000000008b300000, 0x000000008b300000|100%| E|CS|TAMS 0x000000008b200000, 0x000000008b200000| Complete 
| 179|0x000000008b300000, 0x000000008b400000, 0x000000008b400000|100%| E|CS|TAMS 0x000000008b300000, 0x000000008b300000| Complete 
| 180|0x000000008b400000, 0x000000008b500000, 0x000000008b500000|100%| E|CS|TAMS 0x000000008b400000, 0x000000008b400000| Complete 
| 181|0x000000008b500000, 0x000000008b600000, 0x000000008b600000|100%| E|CS|TAMS 0x000000008b500000, 0x000000008b500000| Complete 
| 182|0x000000008b600000, 0x000000008b700000, 0x000000008b700000|100%| E|CS|TAMS 0x000000008b600000, 0x000000008b600000| Complete 

Card table byte_map: [0x000002a8f6b70000,0x000002a8f6f70000] _byte_map_base: 0x000002a8f6770000

Marking Bits (Prev, Next): (CMBitMap*) 0x000002a8e3977528, (CMBitMap*) 0x000002a8e3977560
 Prev Bits: [0x000002a8f7370000, 0x000002a8f9370000)
 Next Bits: [0x000002a8f9370000, 0x000002a8fb370000)

Polling page: 0x000002a8e16b0000

Metaspace:

Usage:
  Non-class:    101.16 MB capacity,    98.94 MB ( 98%) used,     1.82 MB (  2%) free+waste,   405.19 KB ( <1%) overhead. 
      Class:     15.87 MB capacity,    14.52 MB ( 92%) used,     1.16 MB (  7%) free+waste,   181.63 KB (  1%) overhead. 
       Both:    117.03 MB capacity,   113.47 MB ( 97%) used,     2.99 MB (  3%) free+waste,   586.81 KB ( <1%) overhead. 

Virtual space:
  Non-class space:      102.00 MB reserved,     101.70 MB (>99%) committed 
      Class space:        1.00 GB reserved,      16.00 MB (  2%) committed 
             Both:        1.10 GB reserved,     117.70 MB ( 10%) committed 

Chunk freelists:
   Non-Class:  358.00 KB
       Class:  138.00 KB
        Both:  496.00 KB

MaxMetaspaceSize: 17179869184.00 GB
CompressedClassSpaceSize: 1.00 GB
Initial GC threshold: 20.80 MB
Current GC threshold: 193.88 MB
CDS: off

CodeHeap 'non-profiled nmethods': size=120000Kb used=11979Kb max_used=12498Kb free=108021Kb
 bounds [0x000002a8eef10000, 0x000002a8efb50000, 0x000002a8f6440000]
CodeHeap 'profiled nmethods': size=120000Kb used=40003Kb max_used=41570Kb free=79996Kb
 bounds [0x000002a8e79e0000, 0x000002a8ea280000, 0x000002a8eef10000]
CodeHeap 'non-nmethods': size=5760Kb used=2454Kb max_used=2501Kb free=3305Kb
 bounds [0x000002a8e7440000, 0x000002a8e76c0000, 0x000002a8e79e0000]
 total_blobs=20201 nmethods=19234 adapters=878
 compilation: enabled
              stopped_count=0, restarted_count=0
 full_count=0

Compilation events (20 events):
Event: 4826.812 Thread 0x000002a8fe740800 20484       3       com.android.ide.common.symbols.Symbol$BasicNormalSymbol::equals (52 bytes)
Event: 4826.812 Thread 0x000002a8fe740800 nmethod 20484 0x000002a8e7a32710 code [0x000002a8e7a32900, 0x000002a8e7a32ec8]
Event: 4826.817 Thread 0x000002a8fe73e000 nmethod 20471 0x000002a8ef1cb010 code [0x000002a8ef1cb300, 0x000002a8ef1cdb50]
Event: 4826.817 Thread 0x000002a8fe73e000 20473       4       com.google.common.collect.MapMakerInternalMap$Segment::getEntry (80 bytes)
Event: 4826.817 Thread 0x000002a8fe740800 20485       3       com.android.ide.common.symbols.SymbolTable$FastBuilder::add (33 bytes)
Event: 4826.821 Thread 0x000002a8fe740800 nmethod 20485 0x000002a8e7af1b90 code [0x000002a8e7af1ee0, 0x000002a8e7af31c8]
Event: 4826.828 Thread 0x000002a8fe73e000 nmethod 20473 0x000002a8ef12ff90 code [0x000002a8ef130160, 0x000002a8ef1307b8]
Event: 4826.828 Thread 0x000002a8fe73e000 20474   !   4       com.google.common.collect.MapMakerInternalMap$Segment::put (298 bytes)
Event: 4826.840 Thread 0x000002a8fe740800 20487       3       com.google.common.base.Objects::equal (23 bytes)
Event: 4826.840 Thread 0x000002a8fe740800 nmethod 20487 0x000002a8e7fc3710 code [0x000002a8e7fc38e0, 0x000002a8e7fc3b48]
Event: 4826.841 Thread 0x000002a8fe740800 20489       3       com.google.common.collect.MapMakerInternalMap$Segment::getEntry (80 bytes)
Event: 4826.843 Thread 0x000002a8fe740800 nmethod 20489 0x000002a8e8046790 code [0x000002a8e8046ae0, 0x000002a8e80482c8]
Event: 4826.843 Thread 0x000002a8fe740800 20493       3       com.google.common.base.Equivalence::equivalent (24 bytes)
Event: 4826.844 Thread 0x000002a8fe740800 nmethod 20493 0x000002a8e8624610 code [0x000002a8e86247e0, 0x000002a8e8624a68]
Event: 4826.844 Thread 0x000002a8fe740800 20490       3       com.google.common.collect.SingletonImmutableList::get (11 bytes)
Event: 4826.844 Thread 0x000002a8fe740800 nmethod 20490 0x000002a8e81ae690 code [0x000002a8e81ae880, 0x000002a8e81aebd8]
Event: 4826.844 Thread 0x000002a8fe740800 20491       3       com.google.common.base.Preconditions::checkElementIndex (8 bytes)
Event: 4826.844 Thread 0x000002a8fe740800 nmethod 20491 0x000002a8e81c7810 code [0x000002a8e81c79e0, 0x000002a8e81c7c98]
Event: 4826.844 Thread 0x000002a8fe740800 20492       3       com.google.common.base.Preconditions::checkElementIndex (25 bytes)
Event: 4826.844 Thread 0x000002a8fe740800 nmethod 20492 0x000002a8e8204b10 code [0x000002a8e8204ce0, 0x000002a8e8204f38]

GC Heap History (20 events):
Event: 1585.760 GC heap before
{Heap before GC invocations=84 (full 0):
 garbage-first heap   total 187392K, used 139593K [0x0000000080000000, 0x0000000100000000)
  region size 1024K, 32 young (32768K), 1 survivors (1024K)
 Metaspace       used 114628K, capacity 118249K, committed 118476K, reserved 1150976K
  class space    used 14735K, capacity 16100K, committed 16128K, reserved 1048576K
}
Event: 1585.764 GC heap after
{Heap after GC invocations=85 (full 0):
 garbage-first heap   total 187392K, used 110447K [0x0000000080000000, 0x0000000100000000)
  region size 1024K, 2 young (2048K), 2 survivors (2048K)
 Metaspace       used 114628K, capacity 118249K, committed 118476K, reserved 1150976K
  class space    used 14735K, capacity 16100K, committed 16128K, reserved 1048576K
}
Event: 4254.297 GC heap before
{Heap before GC invocations=86 (full 0):
 garbage-first heap   total 187392K, used 162671K [0x0000000080000000, 0x0000000100000000)
  region size 1024K, 39 young (39936K), 2 survivors (2048K)
 Metaspace       used 114657K, capacity 118313K, committed 118476K, reserved 1150976K
  class space    used 14735K, capacity 16100K, committed 16128K, reserved 1048576K
}
Event: 4254.354 GC heap after
{Heap after GC invocations=87 (full 0):
 garbage-first heap   total 187392K, used 109854K [0x0000000080000000, 0x0000000100000000)
  region size 1024K, 1 young (1024K), 1 survivors (1024K)
 Metaspace       used 114657K, capacity 118313K, committed 118476K, reserved 1150976K
  class space    used 14735K, capacity 16100K, committed 16128K, reserved 1048576K
}
Event: 4255.330 GC heap before
{Heap before GC invocations=87 (full 0):
 garbage-first heap   total 187392K, used 117022K [0x0000000080000000, 0x0000000100000000)
  region size 1024K, 9 young (9216K), 1 survivors (1024K)
 Metaspace       used 114669K, capacity 118313K, committed 118476K, reserved 1150976K
  class space    used 14735K, capacity 16100K, committed 16128K, reserved 1048576K
}
Event: 4255.386 GC heap after
{Heap after GC invocations=88 (full 0):
 garbage-first heap   total 187392K, used 103049K [0x0000000080000000, 0x0000000100000000)
  region size 1024K, 1 young (1024K), 1 survivors (1024K)
 Metaspace       used 114669K, capacity 118313K, committed 118476K, reserved 1150976K
  class space    used 14735K, capacity 16100K, committed 16128K, reserved 1048576K
}
Event: 4803.639 GC heap before
{Heap before GC invocations=88 (full 0):
 garbage-first heap   total 187392K, used 147081K [0x0000000080000000, 0x0000000100000000)
  region size 1024K, 44 young (45056K), 1 survivors (1024K)
 Metaspace       used 114775K, capacity 118445K, committed 118476K, reserved 1150976K
  class space    used 14752K, capacity 16120K, committed 16128K, reserved 1048576K
}
Event: 4803.887 GC heap after
{Heap after GC invocations=89 (full 0):
 garbage-first heap   total 187392K, used 105200K [0x0000000080000000, 0x0000000100000000)
  region size 1024K, 3 young (3072K), 3 survivors (3072K)
 Metaspace       used 114775K, capacity 118445K, committed 118476K, reserved 1150976K
  class space    used 14752K, capacity 16120K, committed 16128K, reserved 1048576K
}
Event: 4806.449 GC heap before
{Heap before GC invocations=90 (full 0):
 garbage-first heap   total 187392K, used 147184K [0x0000000080000000, 0x0000000100000000)
  region size 1024K, 46 young (47104K), 3 survivors (3072K)
 Metaspace       used 114728K, capacity 118307K, committed 119116K, reserved 1153024K
  class space    used 14707K, capacity 16069K, committed 16256K, reserved 1048576K
}
Event: 4806.475 GC heap after
{Heap after GC invocations=91 (full 0):
 garbage-first heap   total 187392K, used 108440K [0x0000000080000000, 0x0000000100000000)
  region size 1024K, 6 young (6144K), 6 survivors (6144K)
 Metaspace       used 114728K, capacity 118307K, committed 119116K, reserved 1153024K
  class space    used 14707K, capacity 16069K, committed 16256K, reserved 1048576K
}
Event: 4806.487 GC heap before
{Heap before GC invocations=91 (full 0):
 garbage-first heap   total 187392K, used 110488K [0x0000000080000000, 0x0000000100000000)
  region size 1024K, 9 young (9216K), 6 survivors (6144K)
 Metaspace       used 114728K, capacity 118307K, committed 119116K, reserved 1153024K
  class space    used 14707K, capacity 16069K, committed 16256K, reserved 1048576K
}
Event: 4806.540 GC heap after
{Heap after GC invocations=92 (full 0):
 garbage-first heap   total 187392K, used 99890K [0x0000000080000000, 0x0000000100000000)
  region size 1024K, 1 young (1024K), 1 survivors (1024K)
 Metaspace       used 114728K, capacity 118307K, committed 119116K, reserved 1153024K
  class space    used 14707K, capacity 16069K, committed 16256K, reserved 1048576K
}
Event: 4806.578 GC heap before
{Heap before GC invocations=92 (full 0):
 garbage-first heap   total 187392K, used 108082K [0x0000000080000000, 0x0000000100000000)
  region size 1024K, 9 young (9216K), 1 survivors (1024K)
 Metaspace       used 114728K, capacity 118307K, committed 119116K, reserved 1153024K
  class space    used 14707K, capacity 16069K, committed 16256K, reserved 1048576K
}
Event: 4806.596 GC heap after
{Heap after GC invocations=93 (full 0):
 garbage-first heap   total 187392K, used 96934K [0x0000000080000000, 0x0000000100000000)
  region size 1024K, 1 young (1024K), 1 survivors (1024K)
 Metaspace       used 114728K, capacity 118307K, committed 119116K, reserved 1153024K
  class space    used 14707K, capacity 16069K, committed 16256K, reserved 1048576K
}
Event: 4807.237 GC heap before
{Heap before GC invocations=93 (full 0):
 garbage-first heap   total 187392K, used 143014K [0x0000000080000000, 0x0000000100000000)
  region size 1024K, 47 young (48128K), 1 survivors (1024K)
 Metaspace       used 114772K, capacity 118350K, committed 119116K, reserved 1153024K
  class space    used 14711K, capacity 16076K, committed 16256K, reserved 1048576K
}
Event: 4807.245 GC heap after
{Heap after GC invocations=94 (full 0):
 garbage-first heap   total 187392K, used 100433K [0x0000000080000000, 0x0000000100000000)
  region size 1024K, 5 young (5120K), 5 survivors (5120K)
 Metaspace       used 114772K, capacity 118350K, committed 119116K, reserved 1153024K
  class space    used 14711K, capacity 16076K, committed 16256K, reserved 1048576K
}
Event: 4808.002 GC heap before
{Heap before GC invocations=95 (full 0):
 garbage-first heap   total 187392K, used 145489K [0x0000000080000000, 0x0000000100000000)
  region size 1024K, 50 young (51200K), 5 survivors (5120K)
 Metaspace       used 115298K, capacity 118923K, committed 119756K, reserved 1153024K
  class space    used 14765K, capacity 16150K, committed 16384K, reserved 1048576K
}
Event: 4808.013 GC heap after
{Heap after GC invocations=96 (full 0):
 garbage-first heap   total 187392K, used 103456K [0x0000000080000000, 0x0000000100000000)
  region size 1024K, 3 young (3072K), 3 survivors (3072K)
 Metaspace       used 115298K, capacity 118923K, committed 119756K, reserved 1153024K
  class space    used 14765K, capacity 16150K, committed 16384K, reserved 1048576K
}
Event: 4808.053 GC heap before
{Heap before GC invocations=96 (full 0):
 garbage-first heap   total 187392K, used 108576K [0x0000000080000000, 0x0000000100000000)
  region size 1024K, 9 young (9216K), 3 survivors (3072K)
 Metaspace       used 115299K, capacity 118923K, committed 119756K, reserved 1153024K
  class space    used 14765K, capacity 16150K, committed 16384K, reserved 1048576K
}
Event: 4808.064 GC heap after
{Heap after GC invocations=97 (full 0):
 garbage-first heap   total 187392K, used 97662K [0x0000000080000000, 0x0000000100000000)
  region size 1024K, 1 young (1024K), 1 survivors (1024K)
 Metaspace       used 115299K, capacity 118923K, committed 119756K, reserved 1153024K
  class space    used 14765K, capacity 16150K, committed 16384K, reserved 1048576K
}

Deoptimization events (20 events):
Event: 4826.817 Thread 0x000002a88483c000 Uncommon trap: trap_request=0xffffff4d fr.pc=0x000002a8ef1cd140 relative=0x0000000000001e40
Event: 4826.817 Thread 0x000002a88483c000 Uncommon trap: reason=unstable_if action=reinterpret pc=0x000002a8ef1cd140 method=com.google.common.collect.MapMakerInternalMap$Segment.getEntry(Ljava/lang/Object;I)Lcom/google/common/collect/MapMakerInternalMap$InternalEntry; @ 24 c2
Event: 4826.817 Thread 0x000002a88483c000 DEOPT PACKING pc=0x000002a8ef1cd140 sp=0x000000b4e9dfdb70
Event: 4826.817 Thread 0x000002a88483c000 DEOPT UNPACKING pc=0x000002a8e74485af sp=0x000000b4e9dfda28 mode 2
Event: 4826.838 Thread 0x000002a88483c000 Uncommon trap: trap_request=0xffffffc6 fr.pc=0x000002a8ef1305dc relative=0x000000000000047c
Event: 4826.838 Thread 0x000002a88483c000 Uncommon trap: reason=bimorphic_or_optimized_type_check action=maybe_recompile pc=0x000002a8ef1305dc method=com.google.common.base.Equivalence$Equals.doEquivalent(Ljava/lang/Object;Ljava/lang/Object;)Z @ 2 c2
Event: 4826.838 Thread 0x000002a88483c000 DEOPT PACKING pc=0x000002a8ef1305dc sp=0x000000b4e9dfd8b0
Event: 4826.838 Thread 0x000002a88483c000 DEOPT UNPACKING pc=0x000002a8e74485af sp=0x000000b4e9dfd760 mode 2
Event: 4826.838 Thread 0x000002a88483c000 Uncommon trap: trap_request=0xffffffc6 fr.pc=0x000002a8ef1305dc relative=0x000000000000047c
Event: 4826.838 Thread 0x000002a88483c000 Uncommon trap: reason=bimorphic_or_optimized_type_check action=maybe_recompile pc=0x000002a8ef1305dc method=com.google.common.base.Equivalence$Equals.doEquivalent(Ljava/lang/Object;Ljava/lang/Object;)Z @ 2 c2
Event: 4826.838 Thread 0x000002a88483c000 DEOPT PACKING pc=0x000002a8ef1305dc sp=0x000000b4e9dfd8b0
Event: 4826.838 Thread 0x000002a88483c000 DEOPT UNPACKING pc=0x000002a8e74485af sp=0x000000b4e9dfd760 mode 2
Event: 4826.838 Thread 0x000002a88483c000 Uncommon trap: trap_request=0xffffffc6 fr.pc=0x000002a8ef1305dc relative=0x000000000000047c
Event: 4826.838 Thread 0x000002a88483c000 Uncommon trap: reason=bimorphic_or_optimized_type_check action=maybe_recompile pc=0x000002a8ef1305dc method=com.google.common.base.Equivalence$Equals.doEquivalent(Ljava/lang/Object;Ljava/lang/Object;)Z @ 2 c2
Event: 4826.838 Thread 0x000002a88483c000 DEOPT PACKING pc=0x000002a8ef1305dc sp=0x000000b4e9dfd8b0
Event: 4826.838 Thread 0x000002a88483c000 DEOPT UNPACKING pc=0x000002a8e74485af sp=0x000000b4e9dfd760 mode 2
Event: 4826.838 Thread 0x000002a88483c000 Uncommon trap: trap_request=0xffffffc6 fr.pc=0x000002a8ef1305dc relative=0x000000000000047c
Event: 4826.838 Thread 0x000002a88483c000 Uncommon trap: reason=bimorphic_or_optimized_type_check action=maybe_recompile pc=0x000002a8ef1305dc method=com.google.common.base.Equivalence$Equals.doEquivalent(Ljava/lang/Object;Ljava/lang/Object;)Z @ 2 c2
Event: 4826.838 Thread 0x000002a88483c000 DEOPT PACKING pc=0x000002a8ef1305dc sp=0x000000b4e9dfd8b0
Event: 4826.838 Thread 0x000002a88483c000 DEOPT UNPACKING pc=0x000002a8e74485af sp=0x000000b4e9dfd760 mode 2

Classes redefined (0 events):
No events

Internal exceptions (20 events):
Event: 4806.059 Thread 0x000002a887056800 Exception <a 'java/lang/NoSuchMethodError'{0x0000000089d65700}: <clinit>> (0x0000000089d65700) thrown at [./src/hotspot/share/prims/jni.cpp, line 1365]
Event: 4806.059 Thread 0x000002a887056800 Exception <a 'java/lang/NoSuchMethodError'{0x0000000089d669d8}: <clinit>> (0x0000000089d669d8) thrown at [./src/hotspot/share/prims/jni.cpp, line 1365]
Event: 4806.132 Thread 0x000002a8ff04b800 Exception <a 'java/lang/NoSuchMethodError'{0x0000000089d810b0}: <clinit>> (0x0000000089d810b0) thrown at [./src/hotspot/share/prims/jni.cpp, line 1365]
Event: 4806.134 Thread 0x000002a8ff04b800 Exception <a 'java/lang/NoSuchMethodError'{0x0000000089da4140}: <clinit>> (0x0000000089da4140) thrown at [./src/hotspot/share/prims/jni.cpp, line 1365]
Event: 4806.179 Thread 0x000002a887056800 Exception <a 'java/lang/NoSuchMethodError'{0x0000000089df1048}: <clinit>> (0x0000000089df1048) thrown at [./src/hotspot/share/prims/jni.cpp, line 1365]
Event: 4806.212 Thread 0x000002a8ff046000 Implicit null exception at 0x000002a8efaa2ea4 to 0x000002a8efaa2f54
Event: 4807.176 Thread 0x000002a8ff046000 Exception <a 'java/lang/NoSuchMethodError'{0x00000000891299b0}: <clinit>> (0x00000000891299b0) thrown at [./src/hotspot/share/prims/jni.cpp, line 1365]
Event: 4807.176 Thread 0x000002a8ff046000 Exception <a 'java/lang/NoSuchMethodError'{0x000000008912afb8}: <clinit>> (0x000000008912afb8) thrown at [./src/hotspot/share/prims/jni.cpp, line 1365]
Event: 4807.176 Thread 0x000002a8ff046000 Exception <a 'java/lang/NoSuchMethodError'{0x000000008912dbb8}: <clinit>> (0x000000008912dbb8) thrown at [./src/hotspot/share/prims/jni.cpp, line 1365]
Event: 4807.177 Thread 0x000002a8ff046000 Exception <a 'java/lang/NoSuchMethodError'{0x0000000089145060}: <clinit>> (0x0000000089145060) thrown at [./src/hotspot/share/prims/jni.cpp, line 1365]
Event: 4807.177 Thread 0x000002a8ff046000 Exception <a 'java/lang/NoSuchMethodError'{0x0000000089146298}: <clinit>> (0x0000000089146298) thrown at [./src/hotspot/share/prims/jni.cpp, line 1365]
Event: 4807.482 Thread 0x000002a8ff046000 Exception <a 'java/lang/NoSuchMethodError'{0x000000008b3ec5d0}: <clinit>> (0x000000008b3ec5d0) thrown at [./src/hotspot/share/prims/jni.cpp, line 1365]
Event: 4807.485 Thread 0x000002a8ff046000 Exception <a 'java/lang/NoSuchMethodError'{0x000000008b222860}: <clinit>> (0x000000008b222860) thrown at [./src/hotspot/share/prims/jni.cpp, line 1365]
Event: 4807.486 Thread 0x000002a8ff046000 Exception <a 'java/lang/NoSuchMethodError'{0x000000008b255df8}: <clinit>> (0x000000008b255df8) thrown at [./src/hotspot/share/prims/jni.cpp, line 1365]
Event: 4807.487 Thread 0x000002a8ff046000 Exception <a 'java/lang/NoSuchMethodError'{0x000000008b268898}: <clinit>> (0x000000008b268898) thrown at [./src/hotspot/share/prims/jni.cpp, line 1365]
Event: 4808.083 Thread 0x000002a88483c000 Exception <a 'java/lang/NoSuchMethodError'{0x000000008b5aee48}: 'void java.lang.invoke.DirectMethodHandle$Holder.invokeStatic(java.lang.Object, long)'> (0x000000008b5aee48) thrown at [./src/hotspot/share/interpreter/linkResolver.cpp, line 773]
Event: 4808.087 Thread 0x000002a88483c000 Exception <a 'java/lang/NoSuchMethodError'{0x000000008b5bc9a8}: 'java.lang.Object java.lang.invoke.DirectMethodHandle$Holder.invokeStaticInit(java.lang.Object, java.lang.Object, long, java.lang.Object)'> (0x000000008b5bc9a8) thrown at [./src/hotspot/share/interpreter/linkResolver.cpp, line 773]
Event: 4808.088 Thread 0x000002a88483c000 Exception <a 'java/lang/NoSuchMethodError'{0x000000008b5c2e30}: 'java.lang.Object java.lang.invoke.DirectMethodHandle$Holder.invokeStatic(java.lang.Object, java.lang.Object, long)'> (0x000000008b5c2e30) thrown at [./src/hotspot/share/interpreter/linkResolver.cpp, line 773]
Event: 4808.088 Thread 0x000002a88483c000 Exception <a 'java/lang/NoSuchMethodError'{0x000000008b5c93a8}: 'java.lang.Object java.lang.invoke.Invokers$Holder.linkToTargetMethod(java.lang.Object, long, java.lang.Object)'> (0x000000008b5c93a8) thrown at [./src/hotspot/share/interpreter/linkResolver.cpp, line 773]
Event: 4810.415 Thread 0x000002a88483c000 Exception <a 'java/lang/NoSuchMethodError'{0x000000008b35dff8}: 'int java.lang.invoke.DirectMethodHandle$Holder.invokeSpecialIFC(java.lang.Object, java.lang.Object, java.lang.Object)'> (0x000000008b35dff8) thrown at [./src/hotspot/share/interpreter/linkResolver.cpp, line 773]

Events (20 events):
Event: 4825.579 loading class com/google/common/collect/DenseImmutableTable
Event: 4825.579 loading class com/google/common/collect/DenseImmutableTable done
Event: 4825.678 loading class com/google/common/collect/RegularImmutableTable$Values
Event: 4825.678 loading class com/google/common/collect/RegularImmutableTable$Values done
Event: 4825.702 loading class com/google/common/collect/RegularImmutableTable$CellSet
Event: 4825.702 loading class com/google/common/collect/RegularImmutableTable$CellSet done
Event: 4826.140 loading class com/android/build/gradle/internal/services/SymbolTableBuildService$FileCacheKey
Event: 4826.140 loading class com/android/build/gradle/internal/services/SymbolTableBuildService$FileCacheKey done
Event: 4826.712 loading class com/google/common/cache/LocalCache$Values
Event: 4826.712 loading class com/google/common/cache/LocalCache$Values done
Event: 4826.716 loading class com/google/common/cache/LocalCache$ValueIterator
Event: 4826.716 loading class com/google/common/cache/LocalCache$ValueIterator done
Event: 4826.717 loading class com/google/common/cache/LocalCache$HashIterator
Event: 4826.717 loading class com/google/common/cache/LocalCache$HashIterator done
Event: 4826.722 loading class com/android/ide/common/symbols/Symbol$BasicNormalSymbol
Event: 4826.722 loading class com/android/ide/common/symbols/Symbol$BasicNormalSymbol done
Event: 4826.723 loading class com/android/ide/common/symbols/Symbol$BasicAttributeSymbol
Event: 4826.723 loading class com/android/ide/common/symbols/Symbol$BasicAttributeSymbol done
Event: 4826.793 loading class com/google/common/cache/LocalCache$SoftValueReference
Event: 4826.793 loading class com/google/common/cache/LocalCache$SoftValueReference done


Dynamic libraries:
0x00007ff62b4d0000 - 0x00007ff62b4da000 	C:\Program Files\Android\Android Studio\jre\bin\java.exe
0x00007ffa10500000 - 0x00007ffa10709000 	C:\WINDOWS\SYSTEM32\ntdll.dll
0x00007ff9cfb90000 - 0x00007ff9cfba6000 	C:\Program Files\Avast Software\Avast\aswhook.dll
0x00007ffa0f000000 - 0x00007ffa0f0bd000 	C:\WINDOWS\System32\KERNEL32.DLL
0x00007ffa0def0000 - 0x00007ffa0e269000 	C:\WINDOWS\System32\KERNELBASE.dll
0x00007ffa0ddd0000 - 0x00007ffa0dee1000 	C:\WINDOWS\System32\ucrtbase.dll
0x00007ffa096e0000 - 0x00007ffa096f7000 	C:\Program Files\Android\Android Studio\jre\bin\VCRUNTIME140.dll
0x00007ffa079d0000 - 0x00007ffa079e9000 	C:\Program Files\Android\Android Studio\jre\bin\jli.dll
0x00007ffa0f0d0000 - 0x00007ffa0f27c000 	C:\WINDOWS\System32\USER32.dll
0x00007ffa0dc40000 - 0x00007ffa0dc66000 	C:\WINDOWS\System32\win32u.dll
0x00007ff9eb000000 - 0x00007ff9eb2a5000 	C:\WINDOWS\WinSxS\amd64_microsoft.windows.common-controls_6595b64144ccf1df_6.0.22000.120_none_9d947278b86cc467\COMCTL32.dll
0x00007ffa0e480000 - 0x00007ffa0e4a9000 	C:\WINDOWS\System32\GDI32.dll
0x00007ffa0e270000 - 0x00007ffa0e382000 	C:\WINDOWS\System32\gdi32full.dll
0x00007ffa0dd30000 - 0x00007ffa0ddcd000 	C:\WINDOWS\System32\msvcp_win.dll
0x00007ffa0fc50000 - 0x00007ffa0fcf3000 	C:\WINDOWS\System32\msvcrt.dll
0x00007ffa0fba0000 - 0x00007ffa0fbd1000 	C:\WINDOWS\System32\IMM32.DLL
0x00007ffa06e10000 - 0x00007ffa06ead000 	C:\Program Files\Android\Android Studio\jre\bin\msvcp140.dll
0x00007ff9a2750000 - 0x00007ff9a3235000 	C:\Program Files\Android\Android Studio\jre\bin\server\jvm.dll
0x00007ffa0e4b0000 - 0x00007ffa0e55e000 	C:\WINDOWS\System32\ADVAPI32.dll
0x00007ffa0f980000 - 0x00007ffa0fa1e000 	C:\WINDOWS\System32\sechost.dll
0x00007ffa0fa80000 - 0x00007ffa0fba0000 	C:\WINDOWS\System32\RPCRT4.dll
0x00007ffa06dd0000 - 0x00007ffa06e03000 	C:\WINDOWS\SYSTEM32\WINMM.dll
0x00007ffa07000000 - 0x00007ffa0700a000 	C:\WINDOWS\SYSTEM32\VERSION.dll
0x00007ffa0e560000 - 0x00007ffa0e568000 	C:\WINDOWS\System32\PSAPI.DLL
0x00007ffa00d50000 - 0x00007ffa00d59000 	C:\WINDOWS\SYSTEM32\WSOCK32.dll
0x00007ffa0fbe0000 - 0x00007ffa0fc4f000 	C:\WINDOWS\System32\WS2_32.dll
0x00007ffa0cab0000 - 0x00007ffa0cac8000 	C:\WINDOWS\SYSTEM32\kernel.appcore.dll
0x00007ff9fe8a0000 - 0x00007ff9fe8b1000 	C:\Program Files\Android\Android Studio\jre\bin\verify.dll
0x00007ffa0b2a0000 - 0x00007ffa0b4c1000 	C:\WINDOWS\SYSTEM32\DBGHELP.DLL
0x00007ffa03b50000 - 0x00007ffa03b81000 	C:\WINDOWS\SYSTEM32\dbgcore.DLL
0x00007ffa0d9e0000 - 0x00007ffa0da5f000 	C:\WINDOWS\System32\bcryptPrimitives.dll
0x00007ff9fe870000 - 0x00007ff9fe899000 	C:\Program Files\Android\Android Studio\jre\bin\java.dll
0x00007ffa0a7b0000 - 0x00007ffa0a7bb000 	C:\Program Files\Android\Android Studio\jre\bin\jimage.dll
0x00007ff9fe850000 - 0x00007ff9fe868000 	C:\Program Files\Android\Android Studio\jre\bin\zip.dll
0x00007ffa0fd00000 - 0x00007ffa104b8000 	C:\WINDOWS\System32\SHELL32.dll
0x00007ffa0bb10000 - 0x00007ffa0c378000 	C:\WINDOWS\SYSTEM32\windows.storage.dll
0x00007ffa0f600000 - 0x00007ffa0f979000 	C:\WINDOWS\System32\combase.dll
0x00007ffa0b9a0000 - 0x00007ffa0bb06000 	C:\WINDOWS\SYSTEM32\wintypes.dll
0x00007ffa0f510000 - 0x00007ffa0f5fa000 	C:\WINDOWS\System32\SHCORE.dll
0x00007ffa0fa20000 - 0x00007ffa0fa7d000 	C:\WINDOWS\System32\shlwapi.dll
0x00007ffa0d910000 - 0x00007ffa0d931000 	C:\WINDOWS\SYSTEM32\profapi.dll
0x00007ff9fe830000 - 0x00007ff9fe84a000 	C:\Program Files\Android\Android Studio\jre\bin\net.dll
0x00007ffa07740000 - 0x00007ffa0784c000 	C:\WINDOWS\SYSTEM32\WINHTTP.dll
0x00007ffa0cf80000 - 0x00007ffa0cfe7000 	C:\WINDOWS\system32\mswsock.dll
0x00007ff9e0e90000 - 0x00007ff9e0ea4000 	C:\Program Files\Android\Android Studio\jre\bin\nio.dll
0x00007ffa0a860000 - 0x00007ffa0a887000 	C:\Users\rohan\.gradle\native\e1d6ef7f7dcc3fd88c89a11ec53ec762bb8ba0a96d01ffa2cd45eb1d1d8dd5c5\windows-amd64\native-platform.dll
0x00007ff9ae7c0000 - 0x00007ff9ae904000 	C:\Users\rohan\.gradle\native\5664cfc778a61ccfe75a443a1ab52a65af34e5dc3c78e0209fed803814484fcb\windows-amd64\native-platform-file-events.dll
0x00007ff9fe820000 - 0x00007ff9fe82a000 	C:\Program Files\Android\Android Studio\jre\bin\management.dll
0x00007ff9f3080000 - 0x00007ff9f308d000 	C:\Program Files\Android\Android Studio\jre\bin\management_ext.dll
0x00007ffa0d1c0000 - 0x00007ffa0d1d8000 	C:\WINDOWS\SYSTEM32\CRYPTSP.dll
0x00007ffa0ca00000 - 0x00007ffa0ca35000 	C:\WINDOWS\system32\rsaenh.dll
0x00007ffa0d070000 - 0x00007ffa0d099000 	C:\WINDOWS\SYSTEM32\USERENV.dll
0x00007ffa0d3c0000 - 0x00007ffa0d3e7000 	C:\WINDOWS\SYSTEM32\bcrypt.dll
0x00007ffa0d1e0000 - 0x00007ffa0d1ec000 	C:\WINDOWS\SYSTEM32\CRYPTBASE.dll
0x00007ffa0c5d0000 - 0x00007ffa0c5fd000 	C:\WINDOWS\SYSTEM32\IPHLPAPI.DLL
0x00007ffa0f2e0000 - 0x00007ffa0f2e9000 	C:\WINDOWS\System32\NSI.dll
0x00007ffa074d0000 - 0x00007ffa074e9000 	C:\WINDOWS\SYSTEM32\dhcpcsvc6.DLL
0x00007ffa07f60000 - 0x00007ffa07f7e000 	C:\WINDOWS\SYSTEM32\dhcpcsvc.DLL
0x00007ffa0c600000 - 0x00007ffa0c6e8000 	C:\WINDOWS\SYSTEM32\DNSAPI.dll
0x00007ff9de8f0000 - 0x00007ff9de917000 	C:\Program Files\Android\Android Studio\jre\bin\sunec.dll

dbghelp: loaded successfully - version: 4.0.5 - missing functions: none
symbol engine: initialized successfully - sym options: 0x614 - pdb path: .;C:\Program Files\Android\Android Studio\jre\bin;C:\WINDOWS\SYSTEM32;C:\Program Files\Avast Software\Avast;C:\WINDOWS\WinSxS\amd64_microsoft.windows.common-controls_6595b64144ccf1df_6.0.22000.120_none_9d947278b86cc467;C:\Program Files\Android\Android Studio\jre\bin\server;C:\Users\rohan\.gradle\native\e1d6ef7f7dcc3fd88c89a11ec53ec762bb8ba0a96d01ffa2cd45eb1d1d8dd5c5\windows-amd64;C:\Users\rohan\.gradle\native\5664cfc778a61ccfe75a443a1ab52a65af34e5dc3c78e0209fed803814484fcb\windows-amd64

VM Arguments:
jvm_args: --add-opens=java.base/java.util=ALL-UNNAMED --add-opens=java.base/java.lang=ALL-UNNAMED --add-opens=java.base/java.lang.invoke=ALL-UNNAMED --add-opens=java.base/java.util=ALL-UNNAMED --add-opens=java.prefs/java.util.prefs=ALL-UNNAMED --add-opens=java.prefs/java.util.prefs=ALL-UNNAMED --add-opens=java.base/java.nio.charset=ALL-UNNAMED --add-opens=java.base/java.net=ALL-UNNAMED --add-opens=java.base/java.util.concurrent.atomic=ALL-UNNAMED -Xmx2048m -Dfile.encoding=UTF-8 -Duser.country=IN -Duser.language=en -Duser.variant 
java_command: org.gradle.launcher.daemon.bootstrap.GradleDaemon 7.3.3
java_class_path (initial): C:\Users\rohan\.gradle\wrapper\dists\gradle-7.3.3-bin\6a41zxkdtcxs8rphpq6y0069z\gradle-7.3.3\lib\gradle-launcher-7.3.3.jar
Launcher Type: SUN_STANDARD

[Global flags]
     intx CICompilerCount                          = 4                                         {product} {ergonomic}
     uint ConcGCThreads                            = 2                                         {product} {ergonomic}
     uint G1ConcRefinementThreads                  = 8                                         {product} {ergonomic}
   size_t G1HeapRegionSize                         = 1048576                                   {product} {ergonomic}
    uintx GCDrainStackTargetSize                   = 64                                        {product} {ergonomic}
   size_t InitialHeapSize                          = 132120576                                 {product} {ergonomic}
   size_t MarkStackSize                            = 4194304                                   {product} {ergonomic}
   size_t MaxHeapSize                              = 2147483648                                {product} {command line}
   size_t MaxNewSize                               = 1287651328                                {product} {ergonomic}
   size_t MinHeapDeltaBytes                        = 1048576                                   {product} {ergonomic}
    uintx NonNMethodCodeHeapSize                   = 5836300                                {pd product} {ergonomic}
    uintx NonProfiledCodeHeapSize                  = 122910970                              {pd product} {ergonomic}
    uintx ProfiledCodeHeapSize                     = 122910970                              {pd product} {ergonomic}
    uintx ReservedCodeCacheSize                    = 251658240                              {pd product} {ergonomic}
     bool SegmentedCodeCache                       = true                                      {product} {ergonomic}
     bool UseCompressedClassPointers               = true                                 {lp64_product} {ergonomic}
     bool UseCompressedOops                        = true                                 {lp64_product} {ergonomic}
     bool UseG1GC                                  = true                                      {product} {ergonomic}
     bool UseLargePagesIndividualAllocation        = false                                  {pd product} {ergonomic}

Logging:
Log output configuration:
 #0: stdout all=warning uptime,level,tags
 #1: stderr all=off uptime,level,tags

Environment Variables:
PATH=C:\Program Files\Common Files\Oracle\Java\javapath;C:\WINDOWS\system32;C:\WINDOWS;C:\WINDOWS\System32\Wbem;C:\WINDOWS\System32\WindowsPowerShell\v1.0\;C:\WINDOWS\System32\OpenSSH\;C:\Python\Python310;C:\ProgramData\chocolatey\bin;C:\Program Files\Git\cmd;C:\Program Files\nodejs\;C:\Python\Python310\Scripts\;C:\Python\Python310\;C:\Users\rohan\AppData\Local\Microsoft\WindowsApps;C:\Program Files (x86)\mingw-w64\i686-8.1.0-posix-dwarf-rt_v6-rev0\mingw32\bin;C:\Users\rohan\AppData\Local\Programs\Microsoft VS Code\bin;;C:\Program Files\JetBrains\IntelliJ IDEA Community Edition 2021.3.2\bin;;C:\Users\rohan\AppData\Roaming\npm
USERNAME=rohan
OS=Windows_NT
PROCESSOR_IDENTIFIER=Intel64 Family 6 Model 140 Stepping 1, GenuineIntel



---------------  S Y S T E M  ---------------

OS: Windows 10 , 64 bit Build 22000 (10.0.22000.708)
OS uptime: 10 days 23:09 hours
Hyper-V role detected

CPU:total 8 (initial active 8) (4 cores per cpu, 2 threads per core) family 6 model 140 stepping 1 microcode 0x9a, cmov, cx8, fxsr, mmx, sse, sse2, sse3, ssse3, sse4.1, sse4.2, popcnt, avx, avx2, aes, clmul, erms, 3dnowpref, lzcnt, ht, tsc, tscinvbit, bmi1, bmi2, adx, evex, sha, fma

Memory: 4k page, system-wide physical 7975M (161M free)
TotalPageFile size 32551M (AvailPageFile size 22M)
current process WorkingSet (physical memory assigned to process): 95M, peak: 496M
current process commit charge ("private bytes"): 535M, peak: 547M

vm_info: OpenJDK 64-Bit Server VM (11.0.12+7-b1504.28-7817840) for windows-amd64 JRE (11.0.12+7-b1504.28-7817840), built on Oct 13 2021 22:12:33 by "builder" with MS VC++ 14.0 (VS2015)

END.
